CRITICAL - 2025-10-28 13:41:53 --> Error: Undefined constant "VIEWPATH"
[Method: GET, Route: attendees/lobby]
in APPPATH/Modules/Web/Views/lobby.php on line 164.
 1 SYSTEMPATH/View/View.php(224): include()
 2 SYSTEMPATH/View/View.php(227): CodeIgniter\View\View->{closure:CodeIgniter\View\View::render():221}()
 3 SYSTEMPATH/Common.php(1173): CodeIgniter\View\View->render('App\\Modules\\Web\\Views\\lobby', [], true)
 4 APPPATH/Helpers/module_helper.php(26): view('App\\Modules\\Web\\Views\\lobby', [...], [])
 5 APPPATH/Modules/Web/Controllers/LobbyController.php(41): module_view('Web', 'lobby', [...])
 6 SYSTEMPATH/CodeIgniter.php(933): App\Modules\Web\Controllers\LobbyController->index()
 7 SYSTEMPATH/CodeIgniter.php(507): CodeIgniter\CodeIgniter->runController(Object(App\Modules\Web\Controllers\LobbyController))
 8 SYSTEMPATH/CodeIgniter.php(354): CodeIgniter\CodeIgniter->handleRequest(null, Object(Config\Cache), false)
 9 SYSTEMPATH/Boot.php(334): CodeIgniter\CodeIgniter->run()
10 SYSTEMPATH/Boot.php(67): CodeIgniter\Boot::runCodeIgniter(Object(CodeIgniter\CodeIgniter))
11 FCPATH/index.php(56): CodeIgniter\Boot::bootWeb(Object(Config\Paths))
CRITICAL - 2025-10-28 13:42:33 --> CodeIgniter\View\Exceptions\ViewException: Invalid file: "App\Modules\Web\Views\includes/payment_scripts.php"
[Method: GET, Route: attendees/lobby]
in SYSTEMPATH/Exceptions/FrameworkException.php on line 39.
 1 SYSTEMPATH/View/View.php(212): CodeIgniter\Exceptions\FrameworkException::forInvalidFile('App\\Modules\\Web\\Views\\includes/payment_scripts.php')
 2 SYSTEMPATH/Common.php(1173): CodeIgniter\View\View->render('App\\Modules\\Web\\Views\\includes/payment_scripts', [], true)
 3 APPPATH/Helpers/module_helper.php(26): view('App\\Modules\\Web\\Views\\includes/payment_scripts', [], [])
 4 APPPATH/Modules/Web/Views/lobby.php(165): module_view('Web', 'includes/payment_scripts')
 5 SYSTEMPATH/View/View.php(224): include('/Users/oluwamayowasteepe/Sites/localhost/epr-event-portal/app/Modules/Web/Views/lobby.php')
 6 SYSTEMPATH/View/View.php(227): CodeIgniter\View\View->{closure:CodeIgniter\View\View::render():221}()
 7 SYSTEMPATH/Common.php(1173): CodeIgniter\View\View->render('App\\Modules\\Web\\Views\\lobby', [], true)
 8 APPPATH/Helpers/module_helper.php(26): view('App\\Modules\\Web\\Views\\lobby', [...], [])
 9 APPPATH/Modules/Web/Controllers/LobbyController.php(41): module_view('Web', 'lobby', [...])
10 SYSTEMPATH/CodeIgniter.php(933): App\Modules\Web\Controllers\LobbyController->index()
11 SYSTEMPATH/CodeIgniter.php(507): CodeIgniter\CodeIgniter->runController(Object(App\Modules\Web\Controllers\LobbyController))
12 SYSTEMPATH/CodeIgniter.php(354): CodeIgniter\CodeIgniter->handleRequest(null, Object(Config\Cache), false)
13 SYSTEMPATH/Boot.php(334): CodeIgniter\CodeIgniter->run()
14 SYSTEMPATH/Boot.php(67): CodeIgniter\Boot::runCodeIgniter(Object(CodeIgniter\CodeIgniter))
15 FCPATH/index.php(56): CodeIgniter\Boot::bootWeb(Object(Config\Paths))
CRITICAL - 2025-10-28 13:43:37 --> Error: Call to undefined function transaction_ref()
[Method: GET, Route: attendees/lobby]
in APPPATH/Modules/Web/Views/includes/payment_scripts.php on line 286.
 1 SYSTEMPATH/View/View.php(224): include()
 2 SYSTEMPATH/View/View.php(227): CodeIgniter\View\View->{closure:CodeIgniter\View\View::render():221}()
 3 SYSTEMPATH/Common.php(1173): CodeIgniter\View\View->render('App\\Modules\\Web\\Views\\includes/payment_scripts', [], true)
 4 APPPATH/Helpers/module_helper.php(26): view('App\\Modules\\Web\\Views\\includes/payment_scripts', [], [])
 5 APPPATH/Modules/Web/Views/lobby.php(165): module_view('Web', 'includes/payment_scripts')
 6 SYSTEMPATH/View/View.php(224): include('/Users/oluwamayowasteepe/Sites/localhost/epr-event-portal/app/Modules/Web/Views/lobby.php')
 7 SYSTEMPATH/View/View.php(227): CodeIgniter\View\View->{closure:CodeIgniter\View\View::render():221}()
 8 SYSTEMPATH/Common.php(1173): CodeIgniter\View\View->render('App\\Modules\\Web\\Views\\lobby', [], true)
 9 APPPATH/Helpers/module_helper.php(26): view('App\\Modules\\Web\\Views\\lobby', [...], [])
10 APPPATH/Modules/Web/Controllers/LobbyController.php(41): module_view('Web', 'lobby', [...])
11 SYSTEMPATH/CodeIgniter.php(933): App\Modules\Web\Controllers\LobbyController->index()
12 SYSTEMPATH/CodeIgniter.php(507): CodeIgniter\CodeIgniter->runController(Object(App\Modules\Web\Controllers\LobbyController))
13 SYSTEMPATH/CodeIgniter.php(354): CodeIgniter\CodeIgniter->handleRequest(null, Object(Config\Cache), false)
14 SYSTEMPATH/Boot.php(334): CodeIgniter\CodeIgniter->run()
15 SYSTEMPATH/Boot.php(67): CodeIgniter\Boot::runCodeIgniter(Object(CodeIgniter\CodeIgniter))
16 FCPATH/index.php(56): CodeIgniter\Boot::bootWeb(Object(Config\Paths))
