ERROR - 2025-10-27 18:35:22 --> Country fetch failed: 60 : SSL certificate problem: self-signed certificate
ERROR - 2025-10-27 18:39:08 --> Country fetch failed: 60 : SSL certificate problem: self-signed certificate
CRITICAL - 2025-10-27 18:39:08 --> CodeIgniter\View\Exceptions\ViewException: Invalid file: "Modules/Web/Views/auth/register.php"
[Method: GET, Route: attendees/register]
in SYSTEMPATH/Exceptions/FrameworkException.php on line 39.
 1 SYSTEMPATH/View/View.php(212): CodeIgniter\Exceptions\FrameworkException::forInvalidFile('Modules/Web/Views/auth/register.php')
 2 SYSTEMPATH/Common.php(1173): CodeIgniter\View\View->render('Modules/Web/Views/auth/register', [], true)
 3 APPPATH/Helpers/module_helper.php(45): view('Modules/Web/Views/auth/register', [...], [])
 4 APPPATH/Modules/Web/Controllers/RegistrationController.php(33): module_view('Web', 'auth/register', [...])
 5 SYSTEMPATH/CodeIgniter.php(933): App\Modules\Web\Controllers\RegistrationController->index()
 6 SYSTEMPATH/CodeIgniter.php(507): CodeIgniter\CodeIgniter->runController(Object(App\Modules\Web\Controllers\RegistrationController))
 7 SYSTEMPATH/CodeIgniter.php(354): CodeIgniter\CodeIgniter->handleRequest(null, Object(Config\Cache), false)
 8 SYSTEMPATH/Boot.php(334): CodeIgniter\CodeIgniter->run()
 9 SYSTEMPATH/Boot.php(67): CodeIgniter\Boot::runCodeIgniter(Object(CodeIgniter\CodeIgniter))
10 FCPATH/index.php(56): CodeIgniter\Boot::bootWeb(Object(Config\Paths))
ERROR - 2025-10-27 18:41:04 --> Country fetch failed: 60 : SSL certificate problem: self-signed certificate
CRITICAL - 2025-10-27 18:41:04 --> CodeIgniter\View\Exceptions\ViewException: Invalid file: "App\Modules\Web\Views\register.php"
[Method: GET, Route: attendees/register]
in SYSTEMPATH/Exceptions/FrameworkException.php on line 39.
 1 SYSTEMPATH/View/View.php(212): CodeIgniter\Exceptions\FrameworkException::forInvalidFile('App\\Modules\\Web\\Views\\register.php')
 2 SYSTEMPATH/Common.php(1173): CodeIgniter\View\View->render('App\\Modules\\Web\\Views\\register', [], true)
 3 APPPATH/Helpers/module_helper.php(26): view('App\\Modules\\Web\\Views\\register', [...], [])
 4 APPPATH/Modules/Web/Controllers/RegistrationController.php(33): module_view('Web', 'register', [...])
 5 SYSTEMPATH/CodeIgniter.php(933): App\Modules\Web\Controllers\RegistrationController->index()
 6 SYSTEMPATH/CodeIgniter.php(507): CodeIgniter\CodeIgniter->runController(Object(App\Modules\Web\Controllers\RegistrationController))
 7 SYSTEMPATH/CodeIgniter.php(354): CodeIgniter\CodeIgniter->handleRequest(null, Object(Config\Cache), false)
 8 SYSTEMPATH/Boot.php(334): CodeIgniter\CodeIgniter->run()
 9 SYSTEMPATH/Boot.php(67): CodeIgniter\Boot::runCodeIgniter(Object(CodeIgniter\CodeIgniter))
10 FCPATH/index.php(56): CodeIgniter\Boot::bootWeb(Object(Config\Paths))
ERROR - 2025-10-27 18:41:05 --> Country fetch failed: 60 : SSL certificate problem: self-signed certificate
CRITICAL - 2025-10-27 18:41:05 --> CodeIgniter\View\Exceptions\ViewException: Invalid file: "App\Modules\Web\Views\register.php"
[Method: GET, Route: attendees/register]
in SYSTEMPATH/Exceptions/FrameworkException.php on line 39.
 1 SYSTEMPATH/View/View.php(212): CodeIgniter\Exceptions\FrameworkException::forInvalidFile('App\\Modules\\Web\\Views\\register.php')
 2 SYSTEMPATH/Common.php(1173): CodeIgniter\View\View->render('App\\Modules\\Web\\Views\\register', [], true)
 3 APPPATH/Helpers/module_helper.php(26): view('App\\Modules\\Web\\Views\\register', [...], [])
 4 APPPATH/Modules/Web/Controllers/RegistrationController.php(33): module_view('Web', 'register', [...])
 5 SYSTEMPATH/CodeIgniter.php(933): App\Modules\Web\Controllers\RegistrationController->index()
 6 SYSTEMPATH/CodeIgniter.php(507): CodeIgniter\CodeIgniter->runController(Object(App\Modules\Web\Controllers\RegistrationController))
 7 SYSTEMPATH/CodeIgniter.php(354): CodeIgniter\CodeIgniter->handleRequest(null, Object(Config\Cache), false)
 8 SYSTEMPATH/Boot.php(334): CodeIgniter\CodeIgniter->run()
 9 SYSTEMPATH/Boot.php(67): CodeIgniter\Boot::runCodeIgniter(Object(CodeIgniter\CodeIgniter))
10 FCPATH/index.php(56): CodeIgniter\Boot::bootWeb(Object(Config\Paths))
ERROR - 2025-10-27 18:41:38 --> Country fetch failed: 60 : SSL certificate problem: self-signed certificate
ERROR - 2025-10-27 18:41:43 --> Country fetch failed: 60 : SSL certificate problem: self-signed certificate
ERROR - 2025-10-27 18:43:25 --> Country fetch failed: 60 : SSL certificate problem: self-signed certificate
ERROR - 2025-10-27 18:43:25 --> Country fetch failed: 60 : SSL certificate problem: self-signed certificate
ERROR - 2025-10-27 18:46:18 --> Country fetch failed: 60 : SSL certificate problem: self-signed certificate
ERROR - 2025-10-27 18:46:20 --> Country fetch failed: 60 : SSL certificate problem: self-signed certificate
ERROR - 2025-10-27 18:46:32 --> Country fetch failed: 60 : SSL certificate problem: self-signed certificate
ERROR - 2025-10-27 18:48:07 --> Country fetch failed: 60 : SSL certificate problem: self-signed certificate
ERROR - 2025-10-27 18:48:10 --> Country fetch failed: 60 : SSL certificate problem: self-signed certificate
ERROR - 2025-10-27 18:48:13 --> Country fetch failed: 60 : SSL certificate problem: self-signed certificate
ERROR - 2025-10-27 18:48:56 --> Country fetch failed: 60 : SSL certificate problem: self-signed certificate
ERROR - 2025-10-27 18:48:59 --> Country fetch failed: 60 : SSL certificate problem: self-signed certificate
ERROR - 2025-10-27 18:51:08 --> Country fetch failed: 60 : SSL certificate problem: self-signed certificate
ERROR - 2025-10-27 18:51:09 --> Country fetch failed: 60 : SSL certificate problem: self-signed certificate
ERROR - 2025-10-27 18:51:10 --> Country fetch failed: 60 : SSL certificate problem: self-signed certificate
ERROR - 2025-10-27 18:51:10 --> Country fetch failed: 60 : SSL certificate problem: self-signed certificate
ERROR - 2025-10-27 18:51:10 --> Country fetch failed: 60 : SSL certificate problem: self-signed certificate
ERROR - 2025-10-27 18:51:20 --> Country fetch failed: 60 : SSL certificate problem: self-signed certificate
ERROR - 2025-10-27 18:51:22 --> Country fetch failed: 60 : SSL certificate problem: self-signed certificate
ERROR - 2025-10-27 18:52:17 --> Country fetch failed: 60 : SSL certificate problem: self-signed certificate
