CRITICAL - 2025-11-11 10:56:06 --> Error: Class "App\Models\PointsGuideModel" not found
[Method: GET, Route: attendees/points]
in APPPATH/Modules/Web/Controllers/PointsController.php on line 20.
 1 SYSTEMPATH/CodeIgniter.php(933): App\Modules\Web\Controllers\PointsController->index()
 2 SYSTEMPATH/CodeIgniter.php(507): CodeIgniter\CodeIgniter->runController(Object(App\Modules\Web\Controllers\PointsController))
 3 SYSTEMPATH/CodeIgniter.php(354): CodeIgniter\CodeIgniter->handleRequest(null, Object(Config\Cache), false)
 4 SYSTEMPATH/Boot.php(334): CodeIgniter\CodeIgniter->run()
 5 SYSTEMPATH/Boot.php(67): CodeIgniter\Boot::runCodeIgniter(Object(CodeIgniter\CodeIgniter))
 6 FCPATH/index.php(56): CodeIgniter\Boot::bootWeb(Object(Config\Paths))
CRITICAL - 2025-11-11 11:00:57 --> CodeIgniter\View\Exceptions\ViewException: Invalid file: "App\Modules\Web\Views\points/index.php"
[Method: GET, Route: attendees/points]
in SYSTEMPATH/Exceptions/FrameworkException.php on line 39.
 1 SYSTEMPATH/View/View.php(212): CodeIgniter\Exceptions\FrameworkException::forInvalidFile('App\\Modules\\Web\\Views\\points/index.php')
 2 SYSTEMPATH/Common.php(1173): CodeIgniter\View\View->render('App\\Modules\\Web\\Views\\points/index', [], true)
 3 APPPATH/Helpers/module_helper.php(26): view('App\\Modules\\Web\\Views\\points/index', [...], [])
 4 APPPATH/Modules/Web/Controllers/PointsController.php(23): module_view('Web', 'points/index', [...])
 5 SYSTEMPATH/CodeIgniter.php(933): App\Modules\Web\Controllers\PointsController->index()
 6 SYSTEMPATH/CodeIgniter.php(507): CodeIgniter\CodeIgniter->runController(Object(App\Modules\Web\Controllers\PointsController))
 7 SYSTEMPATH/CodeIgniter.php(354): CodeIgniter\CodeIgniter->handleRequest(null, Object(Config\Cache), false)
 8 SYSTEMPATH/Boot.php(334): CodeIgniter\CodeIgniter->run()
 9 SYSTEMPATH/Boot.php(67): CodeIgniter\Boot::runCodeIgniter(Object(CodeIgniter\CodeIgniter))
10 FCPATH/index.php(56): CodeIgniter\Boot::bootWeb(Object(Config\Paths))
