ERROR - 2025-11-09 16:54:02 --> mysqli_sql_exception: Unknown column 'is_live' in 'where clause' in /Users/oluwamayowasteepe/Sites/localhost/epr-event-portal/system/Database/MySQLi/Connection.php:327
Stack trace:
#0 /Users/oluwamayowasteepe/Sites/localhost/epr-event-portal/system/Database/MySQLi/Connection.php(327): mysqli->query('SELECT *\nFROM `...', 0)
#1 /Users/oluwamayowasteepe/Sites/localhost/epr-event-portal/system/Database/BaseConnection.php(738): CodeIgniter\Database\MySQLi\Connection->execute('SELECT *\nFROM `...')
#2 /Users/oluwamayowasteepe/Sites/localhost/epr-event-portal/system/Database/BaseConnection.php(652): CodeIgniter\Database\BaseConnection->simpleQuery('SELECT *\nFROM `...')
#3 /Users/oluwamayowasteepe/Sites/localhost/epr-event-portal/system/Database/BaseBuilder.php(1649): CodeIgniter\Database\BaseConnection->query('SELECT *\nFROM `...', Array, false)
#4 /Users/oluwamayowasteepe/Sites/localhost/epr-event-portal/system/Model.php(330): CodeIgniter\Database\BaseBuilder->get()
#5 /Users/oluwamayowasteepe/Sites/localhost/epr-event-portal/system/BaseModel.php(713): CodeIgniter\Model->doFirst()
#6 /Users/oluwamayowasteepe/Sites/localhost/epr-event-portal/app/Modules/Api/Controllers/ConferenceController.php(61): CodeIgniter\BaseModel->first()
#7 /Users/oluwamayowasteepe/Sites/localhost/epr-event-portal/system/CodeIgniter.php(933): App\Modules\Api\Controllers\ConferenceController->live()
#8 /Users/oluwamayowasteepe/Sites/localhost/epr-event-portal/system/CodeIgniter.php(507): CodeIgniter\CodeIgniter->runController(Object(App\Modules\Api\Controllers\ConferenceController))
#9 /Users/oluwamayowasteepe/Sites/localhost/epr-event-portal/system/CodeIgniter.php(354): CodeIgniter\CodeIgniter->handleRequest(NULL, Object(Config\Cache), false)
#10 /Users/oluwamayowasteepe/Sites/localhost/epr-event-portal/system/Boot.php(334): CodeIgniter\CodeIgniter->run()
#11 /Users/oluwamayowasteepe/Sites/localhost/epr-event-portal/system/Boot.php(67): CodeIgniter\Boot::runCodeIgniter(Object(CodeIgniter\CodeIgniter))
#12 /Users/oluwamayowasteepe/Sites/localhost/epr-event-portal/public/index.php(56): CodeIgniter\Boot::bootWeb(Object(Config\Paths))
#13 {main}
CRITICAL - 2025-11-09 16:54:02 --> CodeIgniter\Database\Exceptions\DatabaseException: Unknown column 'is_live' in 'where clause'
[Method: GET, Route: api/conferences/live]
in SYSTEMPATH/Database/BaseConnection.php on line 692.
 1 SYSTEMPATH/Database/BaseBuilder.php(1649): CodeIgniter\Database\BaseConnection->query('SELECT *
FROM `tbl_conferences`
WHERE `is_live` = :is_live:
 LIMIT 1', [...], false)
 2 SYSTEMPATH/Model.php(330): CodeIgniter\Database\BaseBuilder->get()
 3 SYSTEMPATH/BaseModel.php(713): CodeIgniter\Model->doFirst()
 4 APPPATH/Modules/Api/Controllers/ConferenceController.php(61): CodeIgniter\BaseModel->first()
 5 SYSTEMPATH/CodeIgniter.php(933): App\Modules\Api\Controllers\ConferenceController->live()
 6 SYSTEMPATH/CodeIgniter.php(507): CodeIgniter\CodeIgniter->runController(Object(App\Modules\Api\Controllers\ConferenceController))
 7 SYSTEMPATH/CodeIgniter.php(354): CodeIgniter\CodeIgniter->handleRequest(null, Object(Config\Cache), false)
 8 SYSTEMPATH/Boot.php(334): CodeIgniter\CodeIgniter->run()
 9 SYSTEMPATH/Boot.php(67): CodeIgniter\Boot::runCodeIgniter(Object(CodeIgniter\CodeIgniter))
10 FCPATH/index.php(56): CodeIgniter\Boot::bootWeb(Object(Config\Paths))
CRITICAL - 2025-11-09 16:54:02 --> [Caused by] CodeIgniter\Database\Exceptions\DatabaseException: Unknown column 'is_live' in 'where clause'
in SYSTEMPATH/Database/MySQLi/Connection.php on line 332.
 1 SYSTEMPATH/Database/BaseConnection.php(738): CodeIgniter\Database\MySQLi\Connection->execute('SELECT *
FROM `tbl_conferences`
WHERE `is_live` = 1
 LIMIT 1')
 2 SYSTEMPATH/Database/BaseConnection.php(652): CodeIgniter\Database\BaseConnection->simpleQuery('SELECT *
FROM `tbl_conferences`
WHERE `is_live` = 1
 LIMIT 1')
 3 SYSTEMPATH/Database/BaseBuilder.php(1649): CodeIgniter\Database\BaseConnection->query('SELECT *
FROM `tbl_conferences`
WHERE `is_live` = :is_live:
 LIMIT 1', [...], false)
 4 SYSTEMPATH/Model.php(330): CodeIgniter\Database\BaseBuilder->get()
 5 SYSTEMPATH/BaseModel.php(713): CodeIgniter\Model->doFirst()
 6 APPPATH/Modules/Api/Controllers/ConferenceController.php(61): CodeIgniter\BaseModel->first()
 7 SYSTEMPATH/CodeIgniter.php(933): App\Modules\Api\Controllers\ConferenceController->live()
 8 SYSTEMPATH/CodeIgniter.php(507): CodeIgniter\CodeIgniter->runController(Object(App\Modules\Api\Controllers\ConferenceController))
 9 SYSTEMPATH/CodeIgniter.php(354): CodeIgniter\CodeIgniter->handleRequest(null, Object(Config\Cache), false)
10 SYSTEMPATH/Boot.php(334): CodeIgniter\CodeIgniter->run()
11 SYSTEMPATH/Boot.php(67): CodeIgniter\Boot::runCodeIgniter(Object(CodeIgniter\CodeIgniter))
12 FCPATH/index.php(56): CodeIgniter\Boot::bootWeb(Object(Config\Paths))
CRITICAL - 2025-11-09 16:54:02 --> [Caused by] mysqli_sql_exception: Unknown column 'is_live' in 'where clause'
in SYSTEMPATH/Database/MySQLi/Connection.php on line 327.
 1 SYSTEMPATH/Database/MySQLi/Connection.php(327): mysqli->query('SELECT *
FROM `tbl_conferences`
WHERE `is_live` = 1
 LIMIT 1', 0)
 2 SYSTEMPATH/Database/BaseConnection.php(738): CodeIgniter\Database\MySQLi\Connection->execute('SELECT *
FROM `tbl_conferences`
WHERE `is_live` = 1
 LIMIT 1')
 3 SYSTEMPATH/Database/BaseConnection.php(652): CodeIgniter\Database\BaseConnection->simpleQuery('SELECT *
FROM `tbl_conferences`
WHERE `is_live` = 1
 LIMIT 1')
 4 SYSTEMPATH/Database/BaseBuilder.php(1649): CodeIgniter\Database\BaseConnection->query('SELECT *
FROM `tbl_conferences`
WHERE `is_live` = :is_live:
 LIMIT 1', [...], false)
 5 SYSTEMPATH/Model.php(330): CodeIgniter\Database\BaseBuilder->get()
 6 SYSTEMPATH/BaseModel.php(713): CodeIgniter\Model->doFirst()
 7 APPPATH/Modules/Api/Controllers/ConferenceController.php(61): CodeIgniter\BaseModel->first()
 8 SYSTEMPATH/CodeIgniter.php(933): App\Modules\Api\Controllers\ConferenceController->live()
 9 SYSTEMPATH/CodeIgniter.php(507): CodeIgniter\CodeIgniter->runController(Object(App\Modules\Api\Controllers\ConferenceController))
10 SYSTEMPATH/CodeIgniter.php(354): CodeIgniter\CodeIgniter->handleRequest(null, Object(Config\Cache), false)
11 SYSTEMPATH/Boot.php(334): CodeIgniter\CodeIgniter->run()
12 SYSTEMPATH/Boot.php(67): CodeIgniter\Boot::runCodeIgniter(Object(CodeIgniter\CodeIgniter))
13 FCPATH/index.php(56): CodeIgniter\Boot::bootWeb(Object(Config\Paths))
ERROR - 2025-11-09 16:54:03 --> mysqli_sql_exception: Unknown column 'is_live' in 'where clause' in /Users/oluwamayowasteepe/Sites/localhost/epr-event-portal/system/Database/MySQLi/Connection.php:327
Stack trace:
#0 /Users/oluwamayowasteepe/Sites/localhost/epr-event-portal/system/Database/MySQLi/Connection.php(327): mysqli->query('SELECT *\nFROM `...', 0)
#1 /Users/oluwamayowasteepe/Sites/localhost/epr-event-portal/system/Database/BaseConnection.php(738): CodeIgniter\Database\MySQLi\Connection->execute('SELECT *\nFROM `...')
#2 /Users/oluwamayowasteepe/Sites/localhost/epr-event-portal/system/Database/BaseConnection.php(652): CodeIgniter\Database\BaseConnection->simpleQuery('SELECT *\nFROM `...')
#3 /Users/oluwamayowasteepe/Sites/localhost/epr-event-portal/system/Database/BaseBuilder.php(1649): CodeIgniter\Database\BaseConnection->query('SELECT *\nFROM `...', Array, false)
#4 /Users/oluwamayowasteepe/Sites/localhost/epr-event-portal/system/Model.php(330): CodeIgniter\Database\BaseBuilder->get()
#5 /Users/oluwamayowasteepe/Sites/localhost/epr-event-portal/system/BaseModel.php(713): CodeIgniter\Model->doFirst()
#6 /Users/oluwamayowasteepe/Sites/localhost/epr-event-portal/app/Modules/Api/Controllers/ConferenceController.php(61): CodeIgniter\BaseModel->first()
#7 /Users/oluwamayowasteepe/Sites/localhost/epr-event-portal/system/CodeIgniter.php(933): App\Modules\Api\Controllers\ConferenceController->live()
#8 /Users/oluwamayowasteepe/Sites/localhost/epr-event-portal/system/CodeIgniter.php(507): CodeIgniter\CodeIgniter->runController(Object(App\Modules\Api\Controllers\ConferenceController))
#9 /Users/oluwamayowasteepe/Sites/localhost/epr-event-portal/system/CodeIgniter.php(354): CodeIgniter\CodeIgniter->handleRequest(NULL, Object(Config\Cache), false)
#10 /Users/oluwamayowasteepe/Sites/localhost/epr-event-portal/system/Boot.php(334): CodeIgniter\CodeIgniter->run()
#11 /Users/oluwamayowasteepe/Sites/localhost/epr-event-portal/system/Boot.php(67): CodeIgniter\Boot::runCodeIgniter(Object(CodeIgniter\CodeIgniter))
#12 /Users/oluwamayowasteepe/Sites/localhost/epr-event-portal/public/index.php(56): CodeIgniter\Boot::bootWeb(Object(Config\Paths))
#13 {main}
CRITICAL - 2025-11-09 16:54:03 --> CodeIgniter\Database\Exceptions\DatabaseException: Unknown column 'is_live' in 'where clause'
[Method: GET, Route: api/conferences/live]
in SYSTEMPATH/Database/BaseConnection.php on line 692.
 1 SYSTEMPATH/Database/BaseBuilder.php(1649): CodeIgniter\Database\BaseConnection->query('SELECT *
FROM `tbl_conferences`
WHERE `is_live` = :is_live:
 LIMIT 1', [...], false)
 2 SYSTEMPATH/Model.php(330): CodeIgniter\Database\BaseBuilder->get()
 3 SYSTEMPATH/BaseModel.php(713): CodeIgniter\Model->doFirst()
 4 APPPATH/Modules/Api/Controllers/ConferenceController.php(61): CodeIgniter\BaseModel->first()
 5 SYSTEMPATH/CodeIgniter.php(933): App\Modules\Api\Controllers\ConferenceController->live()
 6 SYSTEMPATH/CodeIgniter.php(507): CodeIgniter\CodeIgniter->runController(Object(App\Modules\Api\Controllers\ConferenceController))
 7 SYSTEMPATH/CodeIgniter.php(354): CodeIgniter\CodeIgniter->handleRequest(null, Object(Config\Cache), false)
 8 SYSTEMPATH/Boot.php(334): CodeIgniter\CodeIgniter->run()
 9 SYSTEMPATH/Boot.php(67): CodeIgniter\Boot::runCodeIgniter(Object(CodeIgniter\CodeIgniter))
10 FCPATH/index.php(56): CodeIgniter\Boot::bootWeb(Object(Config\Paths))
CRITICAL - 2025-11-09 16:54:03 --> [Caused by] CodeIgniter\Database\Exceptions\DatabaseException: Unknown column 'is_live' in 'where clause'
in SYSTEMPATH/Database/MySQLi/Connection.php on line 332.
 1 SYSTEMPATH/Database/BaseConnection.php(738): CodeIgniter\Database\MySQLi\Connection->execute('SELECT *
FROM `tbl_conferences`
WHERE `is_live` = 1
 LIMIT 1')
 2 SYSTEMPATH/Database/BaseConnection.php(652): CodeIgniter\Database\BaseConnection->simpleQuery('SELECT *
FROM `tbl_conferences`
WHERE `is_live` = 1
 LIMIT 1')
 3 SYSTEMPATH/Database/BaseBuilder.php(1649): CodeIgniter\Database\BaseConnection->query('SELECT *
FROM `tbl_conferences`
WHERE `is_live` = :is_live:
 LIMIT 1', [...], false)
 4 SYSTEMPATH/Model.php(330): CodeIgniter\Database\BaseBuilder->get()
 5 SYSTEMPATH/BaseModel.php(713): CodeIgniter\Model->doFirst()
 6 APPPATH/Modules/Api/Controllers/ConferenceController.php(61): CodeIgniter\BaseModel->first()
 7 SYSTEMPATH/CodeIgniter.php(933): App\Modules\Api\Controllers\ConferenceController->live()
 8 SYSTEMPATH/CodeIgniter.php(507): CodeIgniter\CodeIgniter->runController(Object(App\Modules\Api\Controllers\ConferenceController))
 9 SYSTEMPATH/CodeIgniter.php(354): CodeIgniter\CodeIgniter->handleRequest(null, Object(Config\Cache), false)
10 SYSTEMPATH/Boot.php(334): CodeIgniter\CodeIgniter->run()
11 SYSTEMPATH/Boot.php(67): CodeIgniter\Boot::runCodeIgniter(Object(CodeIgniter\CodeIgniter))
12 FCPATH/index.php(56): CodeIgniter\Boot::bootWeb(Object(Config\Paths))
CRITICAL - 2025-11-09 16:54:03 --> [Caused by] mysqli_sql_exception: Unknown column 'is_live' in 'where clause'
in SYSTEMPATH/Database/MySQLi/Connection.php on line 327.
 1 SYSTEMPATH/Database/MySQLi/Connection.php(327): mysqli->query('SELECT *
FROM `tbl_conferences`
WHERE `is_live` = 1
 LIMIT 1', 0)
 2 SYSTEMPATH/Database/BaseConnection.php(738): CodeIgniter\Database\MySQLi\Connection->execute('SELECT *
FROM `tbl_conferences`
WHERE `is_live` = 1
 LIMIT 1')
 3 SYSTEMPATH/Database/BaseConnection.php(652): CodeIgniter\Database\BaseConnection->simpleQuery('SELECT *
FROM `tbl_conferences`
WHERE `is_live` = 1
 LIMIT 1')
 4 SYSTEMPATH/Database/BaseBuilder.php(1649): CodeIgniter\Database\BaseConnection->query('SELECT *
FROM `tbl_conferences`
WHERE `is_live` = :is_live:
 LIMIT 1', [...], false)
 5 SYSTEMPATH/Model.php(330): CodeIgniter\Database\BaseBuilder->get()
 6 SYSTEMPATH/BaseModel.php(713): CodeIgniter\Model->doFirst()
 7 APPPATH/Modules/Api/Controllers/ConferenceController.php(61): CodeIgniter\BaseModel->first()
 8 SYSTEMPATH/CodeIgniter.php(933): App\Modules\Api\Controllers\ConferenceController->live()
 9 SYSTEMPATH/CodeIgniter.php(507): CodeIgniter\CodeIgniter->runController(Object(App\Modules\Api\Controllers\ConferenceController))
10 SYSTEMPATH/CodeIgniter.php(354): CodeIgniter\CodeIgniter->handleRequest(null, Object(Config\Cache), false)
11 SYSTEMPATH/Boot.php(334): CodeIgniter\CodeIgniter->run()
12 SYSTEMPATH/Boot.php(67): CodeIgniter\Boot::runCodeIgniter(Object(CodeIgniter\CodeIgniter))
13 FCPATH/index.php(56): CodeIgniter\Boot::bootWeb(Object(Config\Paths))
ERROR - 2025-11-09 16:54:53 --> mysqli_sql_exception: Unknown column 'is_live' in 'where clause' in /Users/oluwamayowasteepe/Sites/localhost/epr-event-portal/system/Database/MySQLi/Connection.php:327
Stack trace:
#0 /Users/oluwamayowasteepe/Sites/localhost/epr-event-portal/system/Database/MySQLi/Connection.php(327): mysqli->query('SELECT *\nFROM `...', 0)
#1 /Users/oluwamayowasteepe/Sites/localhost/epr-event-portal/system/Database/BaseConnection.php(738): CodeIgniter\Database\MySQLi\Connection->execute('SELECT *\nFROM `...')
#2 /Users/oluwamayowasteepe/Sites/localhost/epr-event-portal/system/Database/BaseConnection.php(652): CodeIgniter\Database\BaseConnection->simpleQuery('SELECT *\nFROM `...')
#3 /Users/oluwamayowasteepe/Sites/localhost/epr-event-portal/system/Database/BaseBuilder.php(1649): CodeIgniter\Database\BaseConnection->query('SELECT *\nFROM `...', Array, false)
#4 /Users/oluwamayowasteepe/Sites/localhost/epr-event-portal/system/Model.php(330): CodeIgniter\Database\BaseBuilder->get()
#5 /Users/oluwamayowasteepe/Sites/localhost/epr-event-portal/system/BaseModel.php(713): CodeIgniter\Model->doFirst()
#6 /Users/oluwamayowasteepe/Sites/localhost/epr-event-portal/app/Modules/Web/Controllers/LobbyController.php(30): CodeIgniter\BaseModel->first()
#7 /Users/oluwamayowasteepe/Sites/localhost/epr-event-portal/system/CodeIgniter.php(933): App\Modules\Web\Controllers\LobbyController->index()
#8 /Users/oluwamayowasteepe/Sites/localhost/epr-event-portal/system/CodeIgniter.php(507): CodeIgniter\CodeIgniter->runController(Object(App\Modules\Web\Controllers\LobbyController))
#9 /Users/oluwamayowasteepe/Sites/localhost/epr-event-portal/system/CodeIgniter.php(354): CodeIgniter\CodeIgniter->handleRequest(NULL, Object(Config\Cache), false)
#10 /Users/oluwamayowasteepe/Sites/localhost/epr-event-portal/system/Boot.php(334): CodeIgniter\CodeIgniter->run()
#11 /Users/oluwamayowasteepe/Sites/localhost/epr-event-portal/system/Boot.php(67): CodeIgniter\Boot::runCodeIgniter(Object(CodeIgniter\CodeIgniter))
#12 /Users/oluwamayowasteepe/Sites/localhost/epr-event-portal/public/index.php(56): CodeIgniter\Boot::bootWeb(Object(Config\Paths))
#13 {main}
CRITICAL - 2025-11-09 16:54:53 --> CodeIgniter\Database\Exceptions\DatabaseException: Unknown column 'is_live' in 'where clause'
[Method: GET, Route: attendees/lobby]
in SYSTEMPATH/Database/BaseConnection.php on line 692.
 1 SYSTEMPATH/Database/BaseBuilder.php(1649): CodeIgniter\Database\BaseConnection->query('SELECT *
FROM `tbl_conferences`
WHERE `is_live` = :is_live:
 LIMIT 1', [...], false)
 2 SYSTEMPATH/Model.php(330): CodeIgniter\Database\BaseBuilder->get()
 3 SYSTEMPATH/BaseModel.php(713): CodeIgniter\Model->doFirst()
 4 APPPATH/Modules/Web/Controllers/LobbyController.php(30): CodeIgniter\BaseModel->first()
 5 SYSTEMPATH/CodeIgniter.php(933): App\Modules\Web\Controllers\LobbyController->index()
 6 SYSTEMPATH/CodeIgniter.php(507): CodeIgniter\CodeIgniter->runController(Object(App\Modules\Web\Controllers\LobbyController))
 7 SYSTEMPATH/CodeIgniter.php(354): CodeIgniter\CodeIgniter->handleRequest(null, Object(Config\Cache), false)
 8 SYSTEMPATH/Boot.php(334): CodeIgniter\CodeIgniter->run()
 9 SYSTEMPATH/Boot.php(67): CodeIgniter\Boot::runCodeIgniter(Object(CodeIgniter\CodeIgniter))
10 FCPATH/index.php(56): CodeIgniter\Boot::bootWeb(Object(Config\Paths))
CRITICAL - 2025-11-09 16:54:53 --> [Caused by] CodeIgniter\Database\Exceptions\DatabaseException: Unknown column 'is_live' in 'where clause'
in SYSTEMPATH/Database/MySQLi/Connection.php on line 332.
 1 SYSTEMPATH/Database/BaseConnection.php(738): CodeIgniter\Database\MySQLi\Connection->execute('SELECT *
FROM `tbl_conferences`
WHERE `is_live` = 1
 LIMIT 1')
 2 SYSTEMPATH/Database/BaseConnection.php(652): CodeIgniter\Database\BaseConnection->simpleQuery('SELECT *
FROM `tbl_conferences`
WHERE `is_live` = 1
 LIMIT 1')
 3 SYSTEMPATH/Database/BaseBuilder.php(1649): CodeIgniter\Database\BaseConnection->query('SELECT *
FROM `tbl_conferences`
WHERE `is_live` = :is_live:
 LIMIT 1', [...], false)
 4 SYSTEMPATH/Model.php(330): CodeIgniter\Database\BaseBuilder->get()
 5 SYSTEMPATH/BaseModel.php(713): CodeIgniter\Model->doFirst()
 6 APPPATH/Modules/Web/Controllers/LobbyController.php(30): CodeIgniter\BaseModel->first()
 7 SYSTEMPATH/CodeIgniter.php(933): App\Modules\Web\Controllers\LobbyController->index()
 8 SYSTEMPATH/CodeIgniter.php(507): CodeIgniter\CodeIgniter->runController(Object(App\Modules\Web\Controllers\LobbyController))
 9 SYSTEMPATH/CodeIgniter.php(354): CodeIgniter\CodeIgniter->handleRequest(null, Object(Config\Cache), false)
10 SYSTEMPATH/Boot.php(334): CodeIgniter\CodeIgniter->run()
11 SYSTEMPATH/Boot.php(67): CodeIgniter\Boot::runCodeIgniter(Object(CodeIgniter\CodeIgniter))
12 FCPATH/index.php(56): CodeIgniter\Boot::bootWeb(Object(Config\Paths))
CRITICAL - 2025-11-09 16:54:53 --> [Caused by] mysqli_sql_exception: Unknown column 'is_live' in 'where clause'
in SYSTEMPATH/Database/MySQLi/Connection.php on line 327.
 1 SYSTEMPATH/Database/MySQLi/Connection.php(327): mysqli->query('SELECT *
FROM `tbl_conferences`
WHERE `is_live` = 1
 LIMIT 1', 0)
 2 SYSTEMPATH/Database/BaseConnection.php(738): CodeIgniter\Database\MySQLi\Connection->execute('SELECT *
FROM `tbl_conferences`
WHERE `is_live` = 1
 LIMIT 1')
 3 SYSTEMPATH/Database/BaseConnection.php(652): CodeIgniter\Database\BaseConnection->simpleQuery('SELECT *
FROM `tbl_conferences`
WHERE `is_live` = 1
 LIMIT 1')
 4 SYSTEMPATH/Database/BaseBuilder.php(1649): CodeIgniter\Database\BaseConnection->query('SELECT *
FROM `tbl_conferences`
WHERE `is_live` = :is_live:
 LIMIT 1', [...], false)
 5 SYSTEMPATH/Model.php(330): CodeIgniter\Database\BaseBuilder->get()
 6 SYSTEMPATH/BaseModel.php(713): CodeIgniter\Model->doFirst()
 7 APPPATH/Modules/Web/Controllers/LobbyController.php(30): CodeIgniter\BaseModel->first()
 8 SYSTEMPATH/CodeIgniter.php(933): App\Modules\Web\Controllers\LobbyController->index()
 9 SYSTEMPATH/CodeIgniter.php(507): CodeIgniter\CodeIgniter->runController(Object(App\Modules\Web\Controllers\LobbyController))
10 SYSTEMPATH/CodeIgniter.php(354): CodeIgniter\CodeIgniter->handleRequest(null, Object(Config\Cache), false)
11 SYSTEMPATH/Boot.php(334): CodeIgniter\CodeIgniter->run()
12 SYSTEMPATH/Boot.php(67): CodeIgniter\Boot::runCodeIgniter(Object(CodeIgniter\CodeIgniter))
13 FCPATH/index.php(56): CodeIgniter\Boot::bootWeb(Object(Config\Paths))
ERROR - 2025-11-09 16:54:57 --> mysqli_sql_exception: Unknown column 'is_live' in 'where clause' in /Users/oluwamayowasteepe/Sites/localhost/epr-event-portal/system/Database/MySQLi/Connection.php:327
Stack trace:
#0 /Users/oluwamayowasteepe/Sites/localhost/epr-event-portal/system/Database/MySQLi/Connection.php(327): mysqli->query('SELECT *\nFROM `...', 0)
#1 /Users/oluwamayowasteepe/Sites/localhost/epr-event-portal/system/Database/BaseConnection.php(738): CodeIgniter\Database\MySQLi\Connection->execute('SELECT *\nFROM `...')
#2 /Users/oluwamayowasteepe/Sites/localhost/epr-event-portal/system/Database/BaseConnection.php(652): CodeIgniter\Database\BaseConnection->simpleQuery('SELECT *\nFROM `...')
#3 /Users/oluwamayowasteepe/Sites/localhost/epr-event-portal/system/Database/BaseBuilder.php(1649): CodeIgniter\Database\BaseConnection->query('SELECT *\nFROM `...', Array, false)
#4 /Users/oluwamayowasteepe/Sites/localhost/epr-event-portal/system/Model.php(330): CodeIgniter\Database\BaseBuilder->get()
#5 /Users/oluwamayowasteepe/Sites/localhost/epr-event-portal/system/BaseModel.php(713): CodeIgniter\Model->doFirst()
#6 /Users/oluwamayowasteepe/Sites/localhost/epr-event-portal/app/Modules/Api/Controllers/ConferenceController.php(61): CodeIgniter\BaseModel->first()
#7 /Users/oluwamayowasteepe/Sites/localhost/epr-event-portal/system/CodeIgniter.php(933): App\Modules\Api\Controllers\ConferenceController->live()
#8 /Users/oluwamayowasteepe/Sites/localhost/epr-event-portal/system/CodeIgniter.php(507): CodeIgniter\CodeIgniter->runController(Object(App\Modules\Api\Controllers\ConferenceController))
#9 /Users/oluwamayowasteepe/Sites/localhost/epr-event-portal/system/CodeIgniter.php(354): CodeIgniter\CodeIgniter->handleRequest(NULL, Object(Config\Cache), false)
#10 /Users/oluwamayowasteepe/Sites/localhost/epr-event-portal/system/Boot.php(334): CodeIgniter\CodeIgniter->run()
#11 /Users/oluwamayowasteepe/Sites/localhost/epr-event-portal/system/Boot.php(67): CodeIgniter\Boot::runCodeIgniter(Object(CodeIgniter\CodeIgniter))
#12 /Users/oluwamayowasteepe/Sites/localhost/epr-event-portal/public/index.php(56): CodeIgniter\Boot::bootWeb(Object(Config\Paths))
#13 {main}
CRITICAL - 2025-11-09 16:54:57 --> CodeIgniter\Database\Exceptions\DatabaseException: Unknown column 'is_live' in 'where clause'
[Method: GET, Route: api/conferences/live]
in SYSTEMPATH/Database/BaseConnection.php on line 692.
 1 SYSTEMPATH/Database/BaseBuilder.php(1649): CodeIgniter\Database\BaseConnection->query('SELECT *
FROM `tbl_conferences`
WHERE `is_live` = :is_live:
 LIMIT 1', [...], false)
 2 SYSTEMPATH/Model.php(330): CodeIgniter\Database\BaseBuilder->get()
 3 SYSTEMPATH/BaseModel.php(713): CodeIgniter\Model->doFirst()
 4 APPPATH/Modules/Api/Controllers/ConferenceController.php(61): CodeIgniter\BaseModel->first()
 5 SYSTEMPATH/CodeIgniter.php(933): App\Modules\Api\Controllers\ConferenceController->live()
 6 SYSTEMPATH/CodeIgniter.php(507): CodeIgniter\CodeIgniter->runController(Object(App\Modules\Api\Controllers\ConferenceController))
 7 SYSTEMPATH/CodeIgniter.php(354): CodeIgniter\CodeIgniter->handleRequest(null, Object(Config\Cache), false)
 8 SYSTEMPATH/Boot.php(334): CodeIgniter\CodeIgniter->run()
 9 SYSTEMPATH/Boot.php(67): CodeIgniter\Boot::runCodeIgniter(Object(CodeIgniter\CodeIgniter))
10 FCPATH/index.php(56): CodeIgniter\Boot::bootWeb(Object(Config\Paths))
CRITICAL - 2025-11-09 16:54:57 --> [Caused by] CodeIgniter\Database\Exceptions\DatabaseException: Unknown column 'is_live' in 'where clause'
in SYSTEMPATH/Database/MySQLi/Connection.php on line 332.
 1 SYSTEMPATH/Database/BaseConnection.php(738): CodeIgniter\Database\MySQLi\Connection->execute('SELECT *
FROM `tbl_conferences`
WHERE `is_live` = 1
 LIMIT 1')
 2 SYSTEMPATH/Database/BaseConnection.php(652): CodeIgniter\Database\BaseConnection->simpleQuery('SELECT *
FROM `tbl_conferences`
WHERE `is_live` = 1
 LIMIT 1')
 3 SYSTEMPATH/Database/BaseBuilder.php(1649): CodeIgniter\Database\BaseConnection->query('SELECT *
FROM `tbl_conferences`
WHERE `is_live` = :is_live:
 LIMIT 1', [...], false)
 4 SYSTEMPATH/Model.php(330): CodeIgniter\Database\BaseBuilder->get()
 5 SYSTEMPATH/BaseModel.php(713): CodeIgniter\Model->doFirst()
 6 APPPATH/Modules/Api/Controllers/ConferenceController.php(61): CodeIgniter\BaseModel->first()
 7 SYSTEMPATH/CodeIgniter.php(933): App\Modules\Api\Controllers\ConferenceController->live()
 8 SYSTEMPATH/CodeIgniter.php(507): CodeIgniter\CodeIgniter->runController(Object(App\Modules\Api\Controllers\ConferenceController))
 9 SYSTEMPATH/CodeIgniter.php(354): CodeIgniter\CodeIgniter->handleRequest(null, Object(Config\Cache), false)
10 SYSTEMPATH/Boot.php(334): CodeIgniter\CodeIgniter->run()
11 SYSTEMPATH/Boot.php(67): CodeIgniter\Boot::runCodeIgniter(Object(CodeIgniter\CodeIgniter))
12 FCPATH/index.php(56): CodeIgniter\Boot::bootWeb(Object(Config\Paths))
CRITICAL - 2025-11-09 16:54:57 --> [Caused by] mysqli_sql_exception: Unknown column 'is_live' in 'where clause'
in SYSTEMPATH/Database/MySQLi/Connection.php on line 327.
 1 SYSTEMPATH/Database/MySQLi/Connection.php(327): mysqli->query('SELECT *
FROM `tbl_conferences`
WHERE `is_live` = 1
 LIMIT 1', 0)
 2 SYSTEMPATH/Database/BaseConnection.php(738): CodeIgniter\Database\MySQLi\Connection->execute('SELECT *
FROM `tbl_conferences`
WHERE `is_live` = 1
 LIMIT 1')
 3 SYSTEMPATH/Database/BaseConnection.php(652): CodeIgniter\Database\BaseConnection->simpleQuery('SELECT *
FROM `tbl_conferences`
WHERE `is_live` = 1
 LIMIT 1')
 4 SYSTEMPATH/Database/BaseBuilder.php(1649): CodeIgniter\Database\BaseConnection->query('SELECT *
FROM `tbl_conferences`
WHERE `is_live` = :is_live:
 LIMIT 1', [...], false)
 5 SYSTEMPATH/Model.php(330): CodeIgniter\Database\BaseBuilder->get()
 6 SYSTEMPATH/BaseModel.php(713): CodeIgniter\Model->doFirst()
 7 APPPATH/Modules/Api/Controllers/ConferenceController.php(61): CodeIgniter\BaseModel->first()
 8 SYSTEMPATH/CodeIgniter.php(933): App\Modules\Api\Controllers\ConferenceController->live()
 9 SYSTEMPATH/CodeIgniter.php(507): CodeIgniter\CodeIgniter->runController(Object(App\Modules\Api\Controllers\ConferenceController))
10 SYSTEMPATH/CodeIgniter.php(354): CodeIgniter\CodeIgniter->handleRequest(null, Object(Config\Cache), false)
11 SYSTEMPATH/Boot.php(334): CodeIgniter\CodeIgniter->run()
12 SYSTEMPATH/Boot.php(67): CodeIgniter\Boot::runCodeIgniter(Object(CodeIgniter\CodeIgniter))
13 FCPATH/index.php(56): CodeIgniter\Boot::bootWeb(Object(Config\Paths))
ERROR - 2025-11-09 16:54:58 --> mysqli_sql_exception: Unknown column 'is_live' in 'where clause' in /Users/oluwamayowasteepe/Sites/localhost/epr-event-portal/system/Database/MySQLi/Connection.php:327
Stack trace:
#0 /Users/oluwamayowasteepe/Sites/localhost/epr-event-portal/system/Database/MySQLi/Connection.php(327): mysqli->query('SELECT *\nFROM `...', 0)
#1 /Users/oluwamayowasteepe/Sites/localhost/epr-event-portal/system/Database/BaseConnection.php(738): CodeIgniter\Database\MySQLi\Connection->execute('SELECT *\nFROM `...')
#2 /Users/oluwamayowasteepe/Sites/localhost/epr-event-portal/system/Database/BaseConnection.php(652): CodeIgniter\Database\BaseConnection->simpleQuery('SELECT *\nFROM `...')
#3 /Users/oluwamayowasteepe/Sites/localhost/epr-event-portal/system/Database/BaseBuilder.php(1649): CodeIgniter\Database\BaseConnection->query('SELECT *\nFROM `...', Array, false)
#4 /Users/oluwamayowasteepe/Sites/localhost/epr-event-portal/system/Model.php(330): CodeIgniter\Database\BaseBuilder->get()
#5 /Users/oluwamayowasteepe/Sites/localhost/epr-event-portal/system/BaseModel.php(713): CodeIgniter\Model->doFirst()
#6 /Users/oluwamayowasteepe/Sites/localhost/epr-event-portal/app/Modules/Api/Controllers/ConferenceController.php(61): CodeIgniter\BaseModel->first()
#7 /Users/oluwamayowasteepe/Sites/localhost/epr-event-portal/system/CodeIgniter.php(933): App\Modules\Api\Controllers\ConferenceController->live()
#8 /Users/oluwamayowasteepe/Sites/localhost/epr-event-portal/system/CodeIgniter.php(507): CodeIgniter\CodeIgniter->runController(Object(App\Modules\Api\Controllers\ConferenceController))
#9 /Users/oluwamayowasteepe/Sites/localhost/epr-event-portal/system/CodeIgniter.php(354): CodeIgniter\CodeIgniter->handleRequest(NULL, Object(Config\Cache), false)
#10 /Users/oluwamayowasteepe/Sites/localhost/epr-event-portal/system/Boot.php(334): CodeIgniter\CodeIgniter->run()
#11 /Users/oluwamayowasteepe/Sites/localhost/epr-event-portal/system/Boot.php(67): CodeIgniter\Boot::runCodeIgniter(Object(CodeIgniter\CodeIgniter))
#12 /Users/oluwamayowasteepe/Sites/localhost/epr-event-portal/public/index.php(56): CodeIgniter\Boot::bootWeb(Object(Config\Paths))
#13 {main}
CRITICAL - 2025-11-09 16:54:58 --> CodeIgniter\Database\Exceptions\DatabaseException: Unknown column 'is_live' in 'where clause'
[Method: GET, Route: api/conferences/live]
in SYSTEMPATH/Database/BaseConnection.php on line 692.
 1 SYSTEMPATH/Database/BaseBuilder.php(1649): CodeIgniter\Database\BaseConnection->query('SELECT *
FROM `tbl_conferences`
WHERE `is_live` = :is_live:
 LIMIT 1', [...], false)
 2 SYSTEMPATH/Model.php(330): CodeIgniter\Database\BaseBuilder->get()
 3 SYSTEMPATH/BaseModel.php(713): CodeIgniter\Model->doFirst()
 4 APPPATH/Modules/Api/Controllers/ConferenceController.php(61): CodeIgniter\BaseModel->first()
 5 SYSTEMPATH/CodeIgniter.php(933): App\Modules\Api\Controllers\ConferenceController->live()
 6 SYSTEMPATH/CodeIgniter.php(507): CodeIgniter\CodeIgniter->runController(Object(App\Modules\Api\Controllers\ConferenceController))
 7 SYSTEMPATH/CodeIgniter.php(354): CodeIgniter\CodeIgniter->handleRequest(null, Object(Config\Cache), false)
 8 SYSTEMPATH/Boot.php(334): CodeIgniter\CodeIgniter->run()
 9 SYSTEMPATH/Boot.php(67): CodeIgniter\Boot::runCodeIgniter(Object(CodeIgniter\CodeIgniter))
10 FCPATH/index.php(56): CodeIgniter\Boot::bootWeb(Object(Config\Paths))
CRITICAL - 2025-11-09 16:54:58 --> [Caused by] CodeIgniter\Database\Exceptions\DatabaseException: Unknown column 'is_live' in 'where clause'
in SYSTEMPATH/Database/MySQLi/Connection.php on line 332.
 1 SYSTEMPATH/Database/BaseConnection.php(738): CodeIgniter\Database\MySQLi\Connection->execute('SELECT *
FROM `tbl_conferences`
WHERE `is_live` = 1
 LIMIT 1')
 2 SYSTEMPATH/Database/BaseConnection.php(652): CodeIgniter\Database\BaseConnection->simpleQuery('SELECT *
FROM `tbl_conferences`
WHERE `is_live` = 1
 LIMIT 1')
 3 SYSTEMPATH/Database/BaseBuilder.php(1649): CodeIgniter\Database\BaseConnection->query('SELECT *
FROM `tbl_conferences`
WHERE `is_live` = :is_live:
 LIMIT 1', [...], false)
 4 SYSTEMPATH/Model.php(330): CodeIgniter\Database\BaseBuilder->get()
 5 SYSTEMPATH/BaseModel.php(713): CodeIgniter\Model->doFirst()
 6 APPPATH/Modules/Api/Controllers/ConferenceController.php(61): CodeIgniter\BaseModel->first()
 7 SYSTEMPATH/CodeIgniter.php(933): App\Modules\Api\Controllers\ConferenceController->live()
 8 SYSTEMPATH/CodeIgniter.php(507): CodeIgniter\CodeIgniter->runController(Object(App\Modules\Api\Controllers\ConferenceController))
 9 SYSTEMPATH/CodeIgniter.php(354): CodeIgniter\CodeIgniter->handleRequest(null, Object(Config\Cache), false)
10 SYSTEMPATH/Boot.php(334): CodeIgniter\CodeIgniter->run()
11 SYSTEMPATH/Boot.php(67): CodeIgniter\Boot::runCodeIgniter(Object(CodeIgniter\CodeIgniter))
12 FCPATH/index.php(56): CodeIgniter\Boot::bootWeb(Object(Config\Paths))
CRITICAL - 2025-11-09 16:54:58 --> [Caused by] mysqli_sql_exception: Unknown column 'is_live' in 'where clause'
in SYSTEMPATH/Database/MySQLi/Connection.php on line 327.
 1 SYSTEMPATH/Database/MySQLi/Connection.php(327): mysqli->query('SELECT *
FROM `tbl_conferences`
WHERE `is_live` = 1
 LIMIT 1', 0)
 2 SYSTEMPATH/Database/BaseConnection.php(738): CodeIgniter\Database\MySQLi\Connection->execute('SELECT *
FROM `tbl_conferences`
WHERE `is_live` = 1
 LIMIT 1')
 3 SYSTEMPATH/Database/BaseConnection.php(652): CodeIgniter\Database\BaseConnection->simpleQuery('SELECT *
FROM `tbl_conferences`
WHERE `is_live` = 1
 LIMIT 1')
 4 SYSTEMPATH/Database/BaseBuilder.php(1649): CodeIgniter\Database\BaseConnection->query('SELECT *
FROM `tbl_conferences`
WHERE `is_live` = :is_live:
 LIMIT 1', [...], false)
 5 SYSTEMPATH/Model.php(330): CodeIgniter\Database\BaseBuilder->get()
 6 SYSTEMPATH/BaseModel.php(713): CodeIgniter\Model->doFirst()
 7 APPPATH/Modules/Api/Controllers/ConferenceController.php(61): CodeIgniter\BaseModel->first()
 8 SYSTEMPATH/CodeIgniter.php(933): App\Modules\Api\Controllers\ConferenceController->live()
 9 SYSTEMPATH/CodeIgniter.php(507): CodeIgniter\CodeIgniter->runController(Object(App\Modules\Api\Controllers\ConferenceController))
10 SYSTEMPATH/CodeIgniter.php(354): CodeIgniter\CodeIgniter->handleRequest(null, Object(Config\Cache), false)
11 SYSTEMPATH/Boot.php(334): CodeIgniter\CodeIgniter->run()
12 SYSTEMPATH/Boot.php(67): CodeIgniter\Boot::runCodeIgniter(Object(CodeIgniter\CodeIgniter))
13 FCPATH/index.php(56): CodeIgniter\Boot::bootWeb(Object(Config\Paths))
ERROR - 2025-11-09 16:56:08 --> mysqli_sql_exception: Unknown column 'is_live' in 'where clause' in /Users/oluwamayowasteepe/Sites/localhost/epr-event-portal/system/Database/MySQLi/Connection.php:327
Stack trace:
#0 /Users/oluwamayowasteepe/Sites/localhost/epr-event-portal/system/Database/MySQLi/Connection.php(327): mysqli->query('SELECT *\nFROM `...', 0)
#1 /Users/oluwamayowasteepe/Sites/localhost/epr-event-portal/system/Database/BaseConnection.php(738): CodeIgniter\Database\MySQLi\Connection->execute('SELECT *\nFROM `...')
#2 /Users/oluwamayowasteepe/Sites/localhost/epr-event-portal/system/Database/BaseConnection.php(652): CodeIgniter\Database\BaseConnection->simpleQuery('SELECT *\nFROM `...')
#3 /Users/oluwamayowasteepe/Sites/localhost/epr-event-portal/system/Database/BaseBuilder.php(1649): CodeIgniter\Database\BaseConnection->query('SELECT *\nFROM `...', Array, false)
#4 /Users/oluwamayowasteepe/Sites/localhost/epr-event-portal/system/Model.php(330): CodeIgniter\Database\BaseBuilder->get()
#5 /Users/oluwamayowasteepe/Sites/localhost/epr-event-portal/system/BaseModel.php(713): CodeIgniter\Model->doFirst()
#6 /Users/oluwamayowasteepe/Sites/localhost/epr-event-portal/app/Modules/Api/Controllers/ConferenceController.php(61): CodeIgniter\BaseModel->first()
#7 /Users/oluwamayowasteepe/Sites/localhost/epr-event-portal/system/CodeIgniter.php(933): App\Modules\Api\Controllers\ConferenceController->live()
#8 /Users/oluwamayowasteepe/Sites/localhost/epr-event-portal/system/CodeIgniter.php(507): CodeIgniter\CodeIgniter->runController(Object(App\Modules\Api\Controllers\ConferenceController))
#9 /Users/oluwamayowasteepe/Sites/localhost/epr-event-portal/system/CodeIgniter.php(354): CodeIgniter\CodeIgniter->handleRequest(NULL, Object(Config\Cache), false)
#10 /Users/oluwamayowasteepe/Sites/localhost/epr-event-portal/system/Boot.php(334): CodeIgniter\CodeIgniter->run()
#11 /Users/oluwamayowasteepe/Sites/localhost/epr-event-portal/system/Boot.php(67): CodeIgniter\Boot::runCodeIgniter(Object(CodeIgniter\CodeIgniter))
#12 /Users/oluwamayowasteepe/Sites/localhost/epr-event-portal/public/index.php(56): CodeIgniter\Boot::bootWeb(Object(Config\Paths))
#13 {main}
CRITICAL - 2025-11-09 16:56:08 --> CodeIgniter\Database\Exceptions\DatabaseException: Unknown column 'is_live' in 'where clause'
[Method: GET, Route: api/conferences/live]
in SYSTEMPATH/Database/BaseConnection.php on line 692.
 1 SYSTEMPATH/Database/BaseBuilder.php(1649): CodeIgniter\Database\BaseConnection->query('SELECT *
FROM `tbl_conferences`
WHERE `is_live` = :is_live:
 LIMIT 1', [...], false)
 2 SYSTEMPATH/Model.php(330): CodeIgniter\Database\BaseBuilder->get()
 3 SYSTEMPATH/BaseModel.php(713): CodeIgniter\Model->doFirst()
 4 APPPATH/Modules/Api/Controllers/ConferenceController.php(61): CodeIgniter\BaseModel->first()
 5 SYSTEMPATH/CodeIgniter.php(933): App\Modules\Api\Controllers\ConferenceController->live()
 6 SYSTEMPATH/CodeIgniter.php(507): CodeIgniter\CodeIgniter->runController(Object(App\Modules\Api\Controllers\ConferenceController))
 7 SYSTEMPATH/CodeIgniter.php(354): CodeIgniter\CodeIgniter->handleRequest(null, Object(Config\Cache), false)
 8 SYSTEMPATH/Boot.php(334): CodeIgniter\CodeIgniter->run()
 9 SYSTEMPATH/Boot.php(67): CodeIgniter\Boot::runCodeIgniter(Object(CodeIgniter\CodeIgniter))
10 FCPATH/index.php(56): CodeIgniter\Boot::bootWeb(Object(Config\Paths))
CRITICAL - 2025-11-09 16:56:08 --> [Caused by] CodeIgniter\Database\Exceptions\DatabaseException: Unknown column 'is_live' in 'where clause'
in SYSTEMPATH/Database/MySQLi/Connection.php on line 332.
 1 SYSTEMPATH/Database/BaseConnection.php(738): CodeIgniter\Database\MySQLi\Connection->execute('SELECT *
FROM `tbl_conferences`
WHERE `is_live` = 1
 LIMIT 1')
 2 SYSTEMPATH/Database/BaseConnection.php(652): CodeIgniter\Database\BaseConnection->simpleQuery('SELECT *
FROM `tbl_conferences`
WHERE `is_live` = 1
 LIMIT 1')
 3 SYSTEMPATH/Database/BaseBuilder.php(1649): CodeIgniter\Database\BaseConnection->query('SELECT *
FROM `tbl_conferences`
WHERE `is_live` = :is_live:
 LIMIT 1', [...], false)
 4 SYSTEMPATH/Model.php(330): CodeIgniter\Database\BaseBuilder->get()
 5 SYSTEMPATH/BaseModel.php(713): CodeIgniter\Model->doFirst()
 6 APPPATH/Modules/Api/Controllers/ConferenceController.php(61): CodeIgniter\BaseModel->first()
 7 SYSTEMPATH/CodeIgniter.php(933): App\Modules\Api\Controllers\ConferenceController->live()
 8 SYSTEMPATH/CodeIgniter.php(507): CodeIgniter\CodeIgniter->runController(Object(App\Modules\Api\Controllers\ConferenceController))
 9 SYSTEMPATH/CodeIgniter.php(354): CodeIgniter\CodeIgniter->handleRequest(null, Object(Config\Cache), false)
10 SYSTEMPATH/Boot.php(334): CodeIgniter\CodeIgniter->run()
11 SYSTEMPATH/Boot.php(67): CodeIgniter\Boot::runCodeIgniter(Object(CodeIgniter\CodeIgniter))
12 FCPATH/index.php(56): CodeIgniter\Boot::bootWeb(Object(Config\Paths))
CRITICAL - 2025-11-09 16:56:08 --> [Caused by] mysqli_sql_exception: Unknown column 'is_live' in 'where clause'
in SYSTEMPATH/Database/MySQLi/Connection.php on line 327.
 1 SYSTEMPATH/Database/MySQLi/Connection.php(327): mysqli->query('SELECT *
FROM `tbl_conferences`
WHERE `is_live` = 1
 LIMIT 1', 0)
 2 SYSTEMPATH/Database/BaseConnection.php(738): CodeIgniter\Database\MySQLi\Connection->execute('SELECT *
FROM `tbl_conferences`
WHERE `is_live` = 1
 LIMIT 1')
 3 SYSTEMPATH/Database/BaseConnection.php(652): CodeIgniter\Database\BaseConnection->simpleQuery('SELECT *
FROM `tbl_conferences`
WHERE `is_live` = 1
 LIMIT 1')
 4 SYSTEMPATH/Database/BaseBuilder.php(1649): CodeIgniter\Database\BaseConnection->query('SELECT *
FROM `tbl_conferences`
WHERE `is_live` = :is_live:
 LIMIT 1', [...], false)
 5 SYSTEMPATH/Model.php(330): CodeIgniter\Database\BaseBuilder->get()
 6 SYSTEMPATH/BaseModel.php(713): CodeIgniter\Model->doFirst()
 7 APPPATH/Modules/Api/Controllers/ConferenceController.php(61): CodeIgniter\BaseModel->first()
 8 SYSTEMPATH/CodeIgniter.php(933): App\Modules\Api\Controllers\ConferenceController->live()
 9 SYSTEMPATH/CodeIgniter.php(507): CodeIgniter\CodeIgniter->runController(Object(App\Modules\Api\Controllers\ConferenceController))
10 SYSTEMPATH/CodeIgniter.php(354): CodeIgniter\CodeIgniter->handleRequest(null, Object(Config\Cache), false)
11 SYSTEMPATH/Boot.php(334): CodeIgniter\CodeIgniter->run()
12 SYSTEMPATH/Boot.php(67): CodeIgniter\Boot::runCodeIgniter(Object(CodeIgniter\CodeIgniter))
13 FCPATH/index.php(56): CodeIgniter\Boot::bootWeb(Object(Config\Paths))
ERROR - 2025-11-09 16:56:09 --> mysqli_sql_exception: Unknown column 'is_live' in 'where clause' in /Users/oluwamayowasteepe/Sites/localhost/epr-event-portal/system/Database/MySQLi/Connection.php:327
Stack trace:
#0 /Users/oluwamayowasteepe/Sites/localhost/epr-event-portal/system/Database/MySQLi/Connection.php(327): mysqli->query('SELECT *\nFROM `...', 0)
#1 /Users/oluwamayowasteepe/Sites/localhost/epr-event-portal/system/Database/BaseConnection.php(738): CodeIgniter\Database\MySQLi\Connection->execute('SELECT *\nFROM `...')
#2 /Users/oluwamayowasteepe/Sites/localhost/epr-event-portal/system/Database/BaseConnection.php(652): CodeIgniter\Database\BaseConnection->simpleQuery('SELECT *\nFROM `...')
#3 /Users/oluwamayowasteepe/Sites/localhost/epr-event-portal/system/Database/BaseBuilder.php(1649): CodeIgniter\Database\BaseConnection->query('SELECT *\nFROM `...', Array, false)
#4 /Users/oluwamayowasteepe/Sites/localhost/epr-event-portal/system/Model.php(330): CodeIgniter\Database\BaseBuilder->get()
#5 /Users/oluwamayowasteepe/Sites/localhost/epr-event-portal/system/BaseModel.php(713): CodeIgniter\Model->doFirst()
#6 /Users/oluwamayowasteepe/Sites/localhost/epr-event-portal/app/Modules/Api/Controllers/ConferenceController.php(61): CodeIgniter\BaseModel->first()
#7 /Users/oluwamayowasteepe/Sites/localhost/epr-event-portal/system/CodeIgniter.php(933): App\Modules\Api\Controllers\ConferenceController->live()
#8 /Users/oluwamayowasteepe/Sites/localhost/epr-event-portal/system/CodeIgniter.php(507): CodeIgniter\CodeIgniter->runController(Object(App\Modules\Api\Controllers\ConferenceController))
#9 /Users/oluwamayowasteepe/Sites/localhost/epr-event-portal/system/CodeIgniter.php(354): CodeIgniter\CodeIgniter->handleRequest(NULL, Object(Config\Cache), false)
#10 /Users/oluwamayowasteepe/Sites/localhost/epr-event-portal/system/Boot.php(334): CodeIgniter\CodeIgniter->run()
#11 /Users/oluwamayowasteepe/Sites/localhost/epr-event-portal/system/Boot.php(67): CodeIgniter\Boot::runCodeIgniter(Object(CodeIgniter\CodeIgniter))
#12 /Users/oluwamayowasteepe/Sites/localhost/epr-event-portal/public/index.php(56): CodeIgniter\Boot::bootWeb(Object(Config\Paths))
#13 {main}
CRITICAL - 2025-11-09 16:56:09 --> CodeIgniter\Database\Exceptions\DatabaseException: Unknown column 'is_live' in 'where clause'
[Method: GET, Route: api/conferences/live]
in SYSTEMPATH/Database/BaseConnection.php on line 692.
 1 SYSTEMPATH/Database/BaseBuilder.php(1649): CodeIgniter\Database\BaseConnection->query('SELECT *
FROM `tbl_conferences`
WHERE `is_live` = :is_live:
 LIMIT 1', [...], false)
 2 SYSTEMPATH/Model.php(330): CodeIgniter\Database\BaseBuilder->get()
 3 SYSTEMPATH/BaseModel.php(713): CodeIgniter\Model->doFirst()
 4 APPPATH/Modules/Api/Controllers/ConferenceController.php(61): CodeIgniter\BaseModel->first()
 5 SYSTEMPATH/CodeIgniter.php(933): App\Modules\Api\Controllers\ConferenceController->live()
 6 SYSTEMPATH/CodeIgniter.php(507): CodeIgniter\CodeIgniter->runController(Object(App\Modules\Api\Controllers\ConferenceController))
 7 SYSTEMPATH/CodeIgniter.php(354): CodeIgniter\CodeIgniter->handleRequest(null, Object(Config\Cache), false)
 8 SYSTEMPATH/Boot.php(334): CodeIgniter\CodeIgniter->run()
 9 SYSTEMPATH/Boot.php(67): CodeIgniter\Boot::runCodeIgniter(Object(CodeIgniter\CodeIgniter))
10 FCPATH/index.php(56): CodeIgniter\Boot::bootWeb(Object(Config\Paths))
CRITICAL - 2025-11-09 16:56:09 --> [Caused by] CodeIgniter\Database\Exceptions\DatabaseException: Unknown column 'is_live' in 'where clause'
in SYSTEMPATH/Database/MySQLi/Connection.php on line 332.
 1 SYSTEMPATH/Database/BaseConnection.php(738): CodeIgniter\Database\MySQLi\Connection->execute('SELECT *
FROM `tbl_conferences`
WHERE `is_live` = 1
 LIMIT 1')
 2 SYSTEMPATH/Database/BaseConnection.php(652): CodeIgniter\Database\BaseConnection->simpleQuery('SELECT *
FROM `tbl_conferences`
WHERE `is_live` = 1
 LIMIT 1')
 3 SYSTEMPATH/Database/BaseBuilder.php(1649): CodeIgniter\Database\BaseConnection->query('SELECT *
FROM `tbl_conferences`
WHERE `is_live` = :is_live:
 LIMIT 1', [...], false)
 4 SYSTEMPATH/Model.php(330): CodeIgniter\Database\BaseBuilder->get()
 5 SYSTEMPATH/BaseModel.php(713): CodeIgniter\Model->doFirst()
 6 APPPATH/Modules/Api/Controllers/ConferenceController.php(61): CodeIgniter\BaseModel->first()
 7 SYSTEMPATH/CodeIgniter.php(933): App\Modules\Api\Controllers\ConferenceController->live()
 8 SYSTEMPATH/CodeIgniter.php(507): CodeIgniter\CodeIgniter->runController(Object(App\Modules\Api\Controllers\ConferenceController))
 9 SYSTEMPATH/CodeIgniter.php(354): CodeIgniter\CodeIgniter->handleRequest(null, Object(Config\Cache), false)
10 SYSTEMPATH/Boot.php(334): CodeIgniter\CodeIgniter->run()
11 SYSTEMPATH/Boot.php(67): CodeIgniter\Boot::runCodeIgniter(Object(CodeIgniter\CodeIgniter))
12 FCPATH/index.php(56): CodeIgniter\Boot::bootWeb(Object(Config\Paths))
CRITICAL - 2025-11-09 16:56:09 --> [Caused by] mysqli_sql_exception: Unknown column 'is_live' in 'where clause'
in SYSTEMPATH/Database/MySQLi/Connection.php on line 327.
 1 SYSTEMPATH/Database/MySQLi/Connection.php(327): mysqli->query('SELECT *
FROM `tbl_conferences`
WHERE `is_live` = 1
 LIMIT 1', 0)
 2 SYSTEMPATH/Database/BaseConnection.php(738): CodeIgniter\Database\MySQLi\Connection->execute('SELECT *
FROM `tbl_conferences`
WHERE `is_live` = 1
 LIMIT 1')
 3 SYSTEMPATH/Database/BaseConnection.php(652): CodeIgniter\Database\BaseConnection->simpleQuery('SELECT *
FROM `tbl_conferences`
WHERE `is_live` = 1
 LIMIT 1')
 4 SYSTEMPATH/Database/BaseBuilder.php(1649): CodeIgniter\Database\BaseConnection->query('SELECT *
FROM `tbl_conferences`
WHERE `is_live` = :is_live:
 LIMIT 1', [...], false)
 5 SYSTEMPATH/Model.php(330): CodeIgniter\Database\BaseBuilder->get()
 6 SYSTEMPATH/BaseModel.php(713): CodeIgniter\Model->doFirst()
 7 APPPATH/Modules/Api/Controllers/ConferenceController.php(61): CodeIgniter\BaseModel->first()
 8 SYSTEMPATH/CodeIgniter.php(933): App\Modules\Api\Controllers\ConferenceController->live()
 9 SYSTEMPATH/CodeIgniter.php(507): CodeIgniter\CodeIgniter->runController(Object(App\Modules\Api\Controllers\ConferenceController))
10 SYSTEMPATH/CodeIgniter.php(354): CodeIgniter\CodeIgniter->handleRequest(null, Object(Config\Cache), false)
11 SYSTEMPATH/Boot.php(334): CodeIgniter\CodeIgniter->run()
12 SYSTEMPATH/Boot.php(67): CodeIgniter\Boot::runCodeIgniter(Object(CodeIgniter\CodeIgniter))
13 FCPATH/index.php(56): CodeIgniter\Boot::bootWeb(Object(Config\Paths))
ERROR - 2025-11-09 17:24:41 --> mysqli_sql_exception: Unknown column 'is_live' in 'where clause' in /Users/oluwamayowasteepe/Sites/localhost/epr-event-portal/system/Database/MySQLi/Connection.php:327
Stack trace:
#0 /Users/oluwamayowasteepe/Sites/localhost/epr-event-portal/system/Database/MySQLi/Connection.php(327): mysqli->query('SELECT *\nFROM `...', 0)
#1 /Users/oluwamayowasteepe/Sites/localhost/epr-event-portal/system/Database/BaseConnection.php(738): CodeIgniter\Database\MySQLi\Connection->execute('SELECT *\nFROM `...')
#2 /Users/oluwamayowasteepe/Sites/localhost/epr-event-portal/system/Database/BaseConnection.php(652): CodeIgniter\Database\BaseConnection->simpleQuery('SELECT *\nFROM `...')
#3 /Users/oluwamayowasteepe/Sites/localhost/epr-event-portal/system/Database/BaseBuilder.php(1649): CodeIgniter\Database\BaseConnection->query('SELECT *\nFROM `...', Array, false)
#4 /Users/oluwamayowasteepe/Sites/localhost/epr-event-portal/system/Model.php(330): CodeIgniter\Database\BaseBuilder->get()
#5 /Users/oluwamayowasteepe/Sites/localhost/epr-event-portal/system/BaseModel.php(713): CodeIgniter\Model->doFirst()
#6 /Users/oluwamayowasteepe/Sites/localhost/epr-event-portal/app/Modules/Api/Controllers/ConferenceController.php(61): CodeIgniter\BaseModel->first()
#7 /Users/oluwamayowasteepe/Sites/localhost/epr-event-portal/system/CodeIgniter.php(933): App\Modules\Api\Controllers\ConferenceController->live()
#8 /Users/oluwamayowasteepe/Sites/localhost/epr-event-portal/system/CodeIgniter.php(507): CodeIgniter\CodeIgniter->runController(Object(App\Modules\Api\Controllers\ConferenceController))
#9 /Users/oluwamayowasteepe/Sites/localhost/epr-event-portal/system/CodeIgniter.php(354): CodeIgniter\CodeIgniter->handleRequest(NULL, Object(Config\Cache), false)
#10 /Users/oluwamayowasteepe/Sites/localhost/epr-event-portal/system/Boot.php(334): CodeIgniter\CodeIgniter->run()
#11 /Users/oluwamayowasteepe/Sites/localhost/epr-event-portal/system/Boot.php(67): CodeIgniter\Boot::runCodeIgniter(Object(CodeIgniter\CodeIgniter))
#12 /Users/oluwamayowasteepe/Sites/localhost/epr-event-portal/public/index.php(56): CodeIgniter\Boot::bootWeb(Object(Config\Paths))
#13 {main}
CRITICAL - 2025-11-09 17:24:41 --> CodeIgniter\Database\Exceptions\DatabaseException: Unknown column 'is_live' in 'where clause'
[Method: GET, Route: api/conferences/live]
in SYSTEMPATH/Database/BaseConnection.php on line 692.
 1 SYSTEMPATH/Database/BaseBuilder.php(1649): CodeIgniter\Database\BaseConnection->query('SELECT *
FROM `tbl_conferences`
WHERE `is_live` = :is_live:
 LIMIT 1', [...], false)
 2 SYSTEMPATH/Model.php(330): CodeIgniter\Database\BaseBuilder->get()
 3 SYSTEMPATH/BaseModel.php(713): CodeIgniter\Model->doFirst()
 4 APPPATH/Modules/Api/Controllers/ConferenceController.php(61): CodeIgniter\BaseModel->first()
 5 SYSTEMPATH/CodeIgniter.php(933): App\Modules\Api\Controllers\ConferenceController->live()
 6 SYSTEMPATH/CodeIgniter.php(507): CodeIgniter\CodeIgniter->runController(Object(App\Modules\Api\Controllers\ConferenceController))
 7 SYSTEMPATH/CodeIgniter.php(354): CodeIgniter\CodeIgniter->handleRequest(null, Object(Config\Cache), false)
 8 SYSTEMPATH/Boot.php(334): CodeIgniter\CodeIgniter->run()
 9 SYSTEMPATH/Boot.php(67): CodeIgniter\Boot::runCodeIgniter(Object(CodeIgniter\CodeIgniter))
10 FCPATH/index.php(56): CodeIgniter\Boot::bootWeb(Object(Config\Paths))
CRITICAL - 2025-11-09 17:24:41 --> [Caused by] CodeIgniter\Database\Exceptions\DatabaseException: Unknown column 'is_live' in 'where clause'
in SYSTEMPATH/Database/MySQLi/Connection.php on line 332.
 1 SYSTEMPATH/Database/BaseConnection.php(738): CodeIgniter\Database\MySQLi\Connection->execute('SELECT *
FROM `tbl_conferences`
WHERE `is_live` = 1
 LIMIT 1')
 2 SYSTEMPATH/Database/BaseConnection.php(652): CodeIgniter\Database\BaseConnection->simpleQuery('SELECT *
FROM `tbl_conferences`
WHERE `is_live` = 1
 LIMIT 1')
 3 SYSTEMPATH/Database/BaseBuilder.php(1649): CodeIgniter\Database\BaseConnection->query('SELECT *
FROM `tbl_conferences`
WHERE `is_live` = :is_live:
 LIMIT 1', [...], false)
 4 SYSTEMPATH/Model.php(330): CodeIgniter\Database\BaseBuilder->get()
 5 SYSTEMPATH/BaseModel.php(713): CodeIgniter\Model->doFirst()
 6 APPPATH/Modules/Api/Controllers/ConferenceController.php(61): CodeIgniter\BaseModel->first()
 7 SYSTEMPATH/CodeIgniter.php(933): App\Modules\Api\Controllers\ConferenceController->live()
 8 SYSTEMPATH/CodeIgniter.php(507): CodeIgniter\CodeIgniter->runController(Object(App\Modules\Api\Controllers\ConferenceController))
 9 SYSTEMPATH/CodeIgniter.php(354): CodeIgniter\CodeIgniter->handleRequest(null, Object(Config\Cache), false)
10 SYSTEMPATH/Boot.php(334): CodeIgniter\CodeIgniter->run()
11 SYSTEMPATH/Boot.php(67): CodeIgniter\Boot::runCodeIgniter(Object(CodeIgniter\CodeIgniter))
12 FCPATH/index.php(56): CodeIgniter\Boot::bootWeb(Object(Config\Paths))
CRITICAL - 2025-11-09 17:24:41 --> [Caused by] mysqli_sql_exception: Unknown column 'is_live' in 'where clause'
in SYSTEMPATH/Database/MySQLi/Connection.php on line 327.
 1 SYSTEMPATH/Database/MySQLi/Connection.php(327): mysqli->query('SELECT *
FROM `tbl_conferences`
WHERE `is_live` = 1
 LIMIT 1', 0)
 2 SYSTEMPATH/Database/BaseConnection.php(738): CodeIgniter\Database\MySQLi\Connection->execute('SELECT *
FROM `tbl_conferences`
WHERE `is_live` = 1
 LIMIT 1')
 3 SYSTEMPATH/Database/BaseConnection.php(652): CodeIgniter\Database\BaseConnection->simpleQuery('SELECT *
FROM `tbl_conferences`
WHERE `is_live` = 1
 LIMIT 1')
 4 SYSTEMPATH/Database/BaseBuilder.php(1649): CodeIgniter\Database\BaseConnection->query('SELECT *
FROM `tbl_conferences`
WHERE `is_live` = :is_live:
 LIMIT 1', [...], false)
 5 SYSTEMPATH/Model.php(330): CodeIgniter\Database\BaseBuilder->get()
 6 SYSTEMPATH/BaseModel.php(713): CodeIgniter\Model->doFirst()
 7 APPPATH/Modules/Api/Controllers/ConferenceController.php(61): CodeIgniter\BaseModel->first()
 8 SYSTEMPATH/CodeIgniter.php(933): App\Modules\Api\Controllers\ConferenceController->live()
 9 SYSTEMPATH/CodeIgniter.php(507): CodeIgniter\CodeIgniter->runController(Object(App\Modules\Api\Controllers\ConferenceController))
10 SYSTEMPATH/CodeIgniter.php(354): CodeIgniter\CodeIgniter->handleRequest(null, Object(Config\Cache), false)
11 SYSTEMPATH/Boot.php(334): CodeIgniter\CodeIgniter->run()
12 SYSTEMPATH/Boot.php(67): CodeIgniter\Boot::runCodeIgniter(Object(CodeIgniter\CodeIgniter))
13 FCPATH/index.php(56): CodeIgniter\Boot::bootWeb(Object(Config\Paths))
ERROR - 2025-11-09 17:24:41 --> mysqli_sql_exception: Unknown column 'is_live' in 'where clause' in /Users/oluwamayowasteepe/Sites/localhost/epr-event-portal/system/Database/MySQLi/Connection.php:327
Stack trace:
#0 /Users/oluwamayowasteepe/Sites/localhost/epr-event-portal/system/Database/MySQLi/Connection.php(327): mysqli->query('SELECT *\nFROM `...', 0)
#1 /Users/oluwamayowasteepe/Sites/localhost/epr-event-portal/system/Database/BaseConnection.php(738): CodeIgniter\Database\MySQLi\Connection->execute('SELECT *\nFROM `...')
#2 /Users/oluwamayowasteepe/Sites/localhost/epr-event-portal/system/Database/BaseConnection.php(652): CodeIgniter\Database\BaseConnection->simpleQuery('SELECT *\nFROM `...')
#3 /Users/oluwamayowasteepe/Sites/localhost/epr-event-portal/system/Database/BaseBuilder.php(1649): CodeIgniter\Database\BaseConnection->query('SELECT *\nFROM `...', Array, false)
#4 /Users/oluwamayowasteepe/Sites/localhost/epr-event-portal/system/Model.php(330): CodeIgniter\Database\BaseBuilder->get()
#5 /Users/oluwamayowasteepe/Sites/localhost/epr-event-portal/system/BaseModel.php(713): CodeIgniter\Model->doFirst()
#6 /Users/oluwamayowasteepe/Sites/localhost/epr-event-portal/app/Modules/Api/Controllers/ConferenceController.php(61): CodeIgniter\BaseModel->first()
#7 /Users/oluwamayowasteepe/Sites/localhost/epr-event-portal/system/CodeIgniter.php(933): App\Modules\Api\Controllers\ConferenceController->live()
#8 /Users/oluwamayowasteepe/Sites/localhost/epr-event-portal/system/CodeIgniter.php(507): CodeIgniter\CodeIgniter->runController(Object(App\Modules\Api\Controllers\ConferenceController))
#9 /Users/oluwamayowasteepe/Sites/localhost/epr-event-portal/system/CodeIgniter.php(354): CodeIgniter\CodeIgniter->handleRequest(NULL, Object(Config\Cache), false)
#10 /Users/oluwamayowasteepe/Sites/localhost/epr-event-portal/system/Boot.php(334): CodeIgniter\CodeIgniter->run()
#11 /Users/oluwamayowasteepe/Sites/localhost/epr-event-portal/system/Boot.php(67): CodeIgniter\Boot::runCodeIgniter(Object(CodeIgniter\CodeIgniter))
#12 /Users/oluwamayowasteepe/Sites/localhost/epr-event-portal/public/index.php(56): CodeIgniter\Boot::bootWeb(Object(Config\Paths))
#13 {main}
CRITICAL - 2025-11-09 17:24:41 --> CodeIgniter\Database\Exceptions\DatabaseException: Unknown column 'is_live' in 'where clause'
[Method: GET, Route: api/conferences/live]
in SYSTEMPATH/Database/BaseConnection.php on line 692.
 1 SYSTEMPATH/Database/BaseBuilder.php(1649): CodeIgniter\Database\BaseConnection->query('SELECT *
FROM `tbl_conferences`
WHERE `is_live` = :is_live:
 LIMIT 1', [...], false)
 2 SYSTEMPATH/Model.php(330): CodeIgniter\Database\BaseBuilder->get()
 3 SYSTEMPATH/BaseModel.php(713): CodeIgniter\Model->doFirst()
 4 APPPATH/Modules/Api/Controllers/ConferenceController.php(61): CodeIgniter\BaseModel->first()
 5 SYSTEMPATH/CodeIgniter.php(933): App\Modules\Api\Controllers\ConferenceController->live()
 6 SYSTEMPATH/CodeIgniter.php(507): CodeIgniter\CodeIgniter->runController(Object(App\Modules\Api\Controllers\ConferenceController))
 7 SYSTEMPATH/CodeIgniter.php(354): CodeIgniter\CodeIgniter->handleRequest(null, Object(Config\Cache), false)
 8 SYSTEMPATH/Boot.php(334): CodeIgniter\CodeIgniter->run()
 9 SYSTEMPATH/Boot.php(67): CodeIgniter\Boot::runCodeIgniter(Object(CodeIgniter\CodeIgniter))
10 FCPATH/index.php(56): CodeIgniter\Boot::bootWeb(Object(Config\Paths))
CRITICAL - 2025-11-09 17:24:41 --> [Caused by] CodeIgniter\Database\Exceptions\DatabaseException: Unknown column 'is_live' in 'where clause'
in SYSTEMPATH/Database/MySQLi/Connection.php on line 332.
 1 SYSTEMPATH/Database/BaseConnection.php(738): CodeIgniter\Database\MySQLi\Connection->execute('SELECT *
FROM `tbl_conferences`
WHERE `is_live` = 1
 LIMIT 1')
 2 SYSTEMPATH/Database/BaseConnection.php(652): CodeIgniter\Database\BaseConnection->simpleQuery('SELECT *
FROM `tbl_conferences`
WHERE `is_live` = 1
 LIMIT 1')
 3 SYSTEMPATH/Database/BaseBuilder.php(1649): CodeIgniter\Database\BaseConnection->query('SELECT *
FROM `tbl_conferences`
WHERE `is_live` = :is_live:
 LIMIT 1', [...], false)
 4 SYSTEMPATH/Model.php(330): CodeIgniter\Database\BaseBuilder->get()
 5 SYSTEMPATH/BaseModel.php(713): CodeIgniter\Model->doFirst()
 6 APPPATH/Modules/Api/Controllers/ConferenceController.php(61): CodeIgniter\BaseModel->first()
 7 SYSTEMPATH/CodeIgniter.php(933): App\Modules\Api\Controllers\ConferenceController->live()
 8 SYSTEMPATH/CodeIgniter.php(507): CodeIgniter\CodeIgniter->runController(Object(App\Modules\Api\Controllers\ConferenceController))
 9 SYSTEMPATH/CodeIgniter.php(354): CodeIgniter\CodeIgniter->handleRequest(null, Object(Config\Cache), false)
10 SYSTEMPATH/Boot.php(334): CodeIgniter\CodeIgniter->run()
11 SYSTEMPATH/Boot.php(67): CodeIgniter\Boot::runCodeIgniter(Object(CodeIgniter\CodeIgniter))
12 FCPATH/index.php(56): CodeIgniter\Boot::bootWeb(Object(Config\Paths))
CRITICAL - 2025-11-09 17:24:41 --> [Caused by] mysqli_sql_exception: Unknown column 'is_live' in 'where clause'
in SYSTEMPATH/Database/MySQLi/Connection.php on line 327.
 1 SYSTEMPATH/Database/MySQLi/Connection.php(327): mysqli->query('SELECT *
FROM `tbl_conferences`
WHERE `is_live` = 1
 LIMIT 1', 0)
 2 SYSTEMPATH/Database/BaseConnection.php(738): CodeIgniter\Database\MySQLi\Connection->execute('SELECT *
FROM `tbl_conferences`
WHERE `is_live` = 1
 LIMIT 1')
 3 SYSTEMPATH/Database/BaseConnection.php(652): CodeIgniter\Database\BaseConnection->simpleQuery('SELECT *
FROM `tbl_conferences`
WHERE `is_live` = 1
 LIMIT 1')
 4 SYSTEMPATH/Database/BaseBuilder.php(1649): CodeIgniter\Database\BaseConnection->query('SELECT *
FROM `tbl_conferences`
WHERE `is_live` = :is_live:
 LIMIT 1', [...], false)
 5 SYSTEMPATH/Model.php(330): CodeIgniter\Database\BaseBuilder->get()
 6 SYSTEMPATH/BaseModel.php(713): CodeIgniter\Model->doFirst()
 7 APPPATH/Modules/Api/Controllers/ConferenceController.php(61): CodeIgniter\BaseModel->first()
 8 SYSTEMPATH/CodeIgniter.php(933): App\Modules\Api\Controllers\ConferenceController->live()
 9 SYSTEMPATH/CodeIgniter.php(507): CodeIgniter\CodeIgniter->runController(Object(App\Modules\Api\Controllers\ConferenceController))
10 SYSTEMPATH/CodeIgniter.php(354): CodeIgniter\CodeIgniter->handleRequest(null, Object(Config\Cache), false)
11 SYSTEMPATH/Boot.php(334): CodeIgniter\CodeIgniter->run()
12 SYSTEMPATH/Boot.php(67): CodeIgniter\Boot::runCodeIgniter(Object(CodeIgniter\CodeIgniter))
13 FCPATH/index.php(56): CodeIgniter\Boot::bootWeb(Object(Config\Paths))
ERROR - 2025-11-09 17:25:01 --> mysqli_sql_exception: Unknown column 'is_live' in 'where clause' in /Users/oluwamayowasteepe/Sites/localhost/epr-event-portal/system/Database/MySQLi/Connection.php:327
Stack trace:
#0 /Users/oluwamayowasteepe/Sites/localhost/epr-event-portal/system/Database/MySQLi/Connection.php(327): mysqli->query('SELECT *\nFROM `...', 0)
#1 /Users/oluwamayowasteepe/Sites/localhost/epr-event-portal/system/Database/BaseConnection.php(738): CodeIgniter\Database\MySQLi\Connection->execute('SELECT *\nFROM `...')
#2 /Users/oluwamayowasteepe/Sites/localhost/epr-event-portal/system/Database/BaseConnection.php(652): CodeIgniter\Database\BaseConnection->simpleQuery('SELECT *\nFROM `...')
#3 /Users/oluwamayowasteepe/Sites/localhost/epr-event-portal/system/Database/BaseBuilder.php(1649): CodeIgniter\Database\BaseConnection->query('SELECT *\nFROM `...', Array, false)
#4 /Users/oluwamayowasteepe/Sites/localhost/epr-event-portal/system/Model.php(330): CodeIgniter\Database\BaseBuilder->get()
#5 /Users/oluwamayowasteepe/Sites/localhost/epr-event-portal/system/BaseModel.php(713): CodeIgniter\Model->doFirst()
#6 /Users/oluwamayowasteepe/Sites/localhost/epr-event-portal/app/Modules/Api/Controllers/ConferenceController.php(61): CodeIgniter\BaseModel->first()
#7 /Users/oluwamayowasteepe/Sites/localhost/epr-event-portal/system/CodeIgniter.php(933): App\Modules\Api\Controllers\ConferenceController->live()
#8 /Users/oluwamayowasteepe/Sites/localhost/epr-event-portal/system/CodeIgniter.php(507): CodeIgniter\CodeIgniter->runController(Object(App\Modules\Api\Controllers\ConferenceController))
#9 /Users/oluwamayowasteepe/Sites/localhost/epr-event-portal/system/CodeIgniter.php(354): CodeIgniter\CodeIgniter->handleRequest(NULL, Object(Config\Cache), false)
#10 /Users/oluwamayowasteepe/Sites/localhost/epr-event-portal/system/Boot.php(334): CodeIgniter\CodeIgniter->run()
#11 /Users/oluwamayowasteepe/Sites/localhost/epr-event-portal/system/Boot.php(67): CodeIgniter\Boot::runCodeIgniter(Object(CodeIgniter\CodeIgniter))
#12 /Users/oluwamayowasteepe/Sites/localhost/epr-event-portal/public/index.php(56): CodeIgniter\Boot::bootWeb(Object(Config\Paths))
#13 {main}
CRITICAL - 2025-11-09 17:25:01 --> CodeIgniter\Database\Exceptions\DatabaseException: Unknown column 'is_live' in 'where clause'
[Method: GET, Route: api/conferences/live]
in SYSTEMPATH/Database/BaseConnection.php on line 692.
 1 SYSTEMPATH/Database/BaseBuilder.php(1649): CodeIgniter\Database\BaseConnection->query('SELECT *
FROM `tbl_conferences`
WHERE `is_live` = :is_live:
 LIMIT 1', [...], false)
 2 SYSTEMPATH/Model.php(330): CodeIgniter\Database\BaseBuilder->get()
 3 SYSTEMPATH/BaseModel.php(713): CodeIgniter\Model->doFirst()
 4 APPPATH/Modules/Api/Controllers/ConferenceController.php(61): CodeIgniter\BaseModel->first()
 5 SYSTEMPATH/CodeIgniter.php(933): App\Modules\Api\Controllers\ConferenceController->live()
 6 SYSTEMPATH/CodeIgniter.php(507): CodeIgniter\CodeIgniter->runController(Object(App\Modules\Api\Controllers\ConferenceController))
 7 SYSTEMPATH/CodeIgniter.php(354): CodeIgniter\CodeIgniter->handleRequest(null, Object(Config\Cache), false)
 8 SYSTEMPATH/Boot.php(334): CodeIgniter\CodeIgniter->run()
 9 SYSTEMPATH/Boot.php(67): CodeIgniter\Boot::runCodeIgniter(Object(CodeIgniter\CodeIgniter))
10 FCPATH/index.php(56): CodeIgniter\Boot::bootWeb(Object(Config\Paths))
CRITICAL - 2025-11-09 17:25:01 --> [Caused by] CodeIgniter\Database\Exceptions\DatabaseException: Unknown column 'is_live' in 'where clause'
in SYSTEMPATH/Database/MySQLi/Connection.php on line 332.
 1 SYSTEMPATH/Database/BaseConnection.php(738): CodeIgniter\Database\MySQLi\Connection->execute('SELECT *
FROM `tbl_conferences`
WHERE `is_live` = 1
 LIMIT 1')
 2 SYSTEMPATH/Database/BaseConnection.php(652): CodeIgniter\Database\BaseConnection->simpleQuery('SELECT *
FROM `tbl_conferences`
WHERE `is_live` = 1
 LIMIT 1')
 3 SYSTEMPATH/Database/BaseBuilder.php(1649): CodeIgniter\Database\BaseConnection->query('SELECT *
FROM `tbl_conferences`
WHERE `is_live` = :is_live:
 LIMIT 1', [...], false)
 4 SYSTEMPATH/Model.php(330): CodeIgniter\Database\BaseBuilder->get()
 5 SYSTEMPATH/BaseModel.php(713): CodeIgniter\Model->doFirst()
 6 APPPATH/Modules/Api/Controllers/ConferenceController.php(61): CodeIgniter\BaseModel->first()
 7 SYSTEMPATH/CodeIgniter.php(933): App\Modules\Api\Controllers\ConferenceController->live()
 8 SYSTEMPATH/CodeIgniter.php(507): CodeIgniter\CodeIgniter->runController(Object(App\Modules\Api\Controllers\ConferenceController))
 9 SYSTEMPATH/CodeIgniter.php(354): CodeIgniter\CodeIgniter->handleRequest(null, Object(Config\Cache), false)
10 SYSTEMPATH/Boot.php(334): CodeIgniter\CodeIgniter->run()
11 SYSTEMPATH/Boot.php(67): CodeIgniter\Boot::runCodeIgniter(Object(CodeIgniter\CodeIgniter))
12 FCPATH/index.php(56): CodeIgniter\Boot::bootWeb(Object(Config\Paths))
CRITICAL - 2025-11-09 17:25:01 --> [Caused by] mysqli_sql_exception: Unknown column 'is_live' in 'where clause'
in SYSTEMPATH/Database/MySQLi/Connection.php on line 327.
 1 SYSTEMPATH/Database/MySQLi/Connection.php(327): mysqli->query('SELECT *
FROM `tbl_conferences`
WHERE `is_live` = 1
 LIMIT 1', 0)
 2 SYSTEMPATH/Database/BaseConnection.php(738): CodeIgniter\Database\MySQLi\Connection->execute('SELECT *
FROM `tbl_conferences`
WHERE `is_live` = 1
 LIMIT 1')
 3 SYSTEMPATH/Database/BaseConnection.php(652): CodeIgniter\Database\BaseConnection->simpleQuery('SELECT *
FROM `tbl_conferences`
WHERE `is_live` = 1
 LIMIT 1')
 4 SYSTEMPATH/Database/BaseBuilder.php(1649): CodeIgniter\Database\BaseConnection->query('SELECT *
FROM `tbl_conferences`
WHERE `is_live` = :is_live:
 LIMIT 1', [...], false)
 5 SYSTEMPATH/Model.php(330): CodeIgniter\Database\BaseBuilder->get()
 6 SYSTEMPATH/BaseModel.php(713): CodeIgniter\Model->doFirst()
 7 APPPATH/Modules/Api/Controllers/ConferenceController.php(61): CodeIgniter\BaseModel->first()
 8 SYSTEMPATH/CodeIgniter.php(933): App\Modules\Api\Controllers\ConferenceController->live()
 9 SYSTEMPATH/CodeIgniter.php(507): CodeIgniter\CodeIgniter->runController(Object(App\Modules\Api\Controllers\ConferenceController))
10 SYSTEMPATH/CodeIgniter.php(354): CodeIgniter\CodeIgniter->handleRequest(null, Object(Config\Cache), false)
11 SYSTEMPATH/Boot.php(334): CodeIgniter\CodeIgniter->run()
12 SYSTEMPATH/Boot.php(67): CodeIgniter\Boot::runCodeIgniter(Object(CodeIgniter\CodeIgniter))
13 FCPATH/index.php(56): CodeIgniter\Boot::bootWeb(Object(Config\Paths))
ERROR - 2025-11-09 17:25:02 --> mysqli_sql_exception: Unknown column 'is_live' in 'where clause' in /Users/oluwamayowasteepe/Sites/localhost/epr-event-portal/system/Database/MySQLi/Connection.php:327
Stack trace:
#0 /Users/oluwamayowasteepe/Sites/localhost/epr-event-portal/system/Database/MySQLi/Connection.php(327): mysqli->query('SELECT *\nFROM `...', 0)
#1 /Users/oluwamayowasteepe/Sites/localhost/epr-event-portal/system/Database/BaseConnection.php(738): CodeIgniter\Database\MySQLi\Connection->execute('SELECT *\nFROM `...')
#2 /Users/oluwamayowasteepe/Sites/localhost/epr-event-portal/system/Database/BaseConnection.php(652): CodeIgniter\Database\BaseConnection->simpleQuery('SELECT *\nFROM `...')
#3 /Users/oluwamayowasteepe/Sites/localhost/epr-event-portal/system/Database/BaseBuilder.php(1649): CodeIgniter\Database\BaseConnection->query('SELECT *\nFROM `...', Array, false)
#4 /Users/oluwamayowasteepe/Sites/localhost/epr-event-portal/system/Model.php(330): CodeIgniter\Database\BaseBuilder->get()
#5 /Users/oluwamayowasteepe/Sites/localhost/epr-event-portal/system/BaseModel.php(713): CodeIgniter\Model->doFirst()
#6 /Users/oluwamayowasteepe/Sites/localhost/epr-event-portal/app/Modules/Api/Controllers/ConferenceController.php(61): CodeIgniter\BaseModel->first()
#7 /Users/oluwamayowasteepe/Sites/localhost/epr-event-portal/system/CodeIgniter.php(933): App\Modules\Api\Controllers\ConferenceController->live()
#8 /Users/oluwamayowasteepe/Sites/localhost/epr-event-portal/system/CodeIgniter.php(507): CodeIgniter\CodeIgniter->runController(Object(App\Modules\Api\Controllers\ConferenceController))
#9 /Users/oluwamayowasteepe/Sites/localhost/epr-event-portal/system/CodeIgniter.php(354): CodeIgniter\CodeIgniter->handleRequest(NULL, Object(Config\Cache), false)
#10 /Users/oluwamayowasteepe/Sites/localhost/epr-event-portal/system/Boot.php(334): CodeIgniter\CodeIgniter->run()
#11 /Users/oluwamayowasteepe/Sites/localhost/epr-event-portal/system/Boot.php(67): CodeIgniter\Boot::runCodeIgniter(Object(CodeIgniter\CodeIgniter))
#12 /Users/oluwamayowasteepe/Sites/localhost/epr-event-portal/public/index.php(56): CodeIgniter\Boot::bootWeb(Object(Config\Paths))
#13 {main}
CRITICAL - 2025-11-09 17:25:02 --> CodeIgniter\Database\Exceptions\DatabaseException: Unknown column 'is_live' in 'where clause'
[Method: GET, Route: api/conferences/live]
in SYSTEMPATH/Database/BaseConnection.php on line 692.
 1 SYSTEMPATH/Database/BaseBuilder.php(1649): CodeIgniter\Database\BaseConnection->query('SELECT *
FROM `tbl_conferences`
WHERE `is_live` = :is_live:
 LIMIT 1', [...], false)
 2 SYSTEMPATH/Model.php(330): CodeIgniter\Database\BaseBuilder->get()
 3 SYSTEMPATH/BaseModel.php(713): CodeIgniter\Model->doFirst()
 4 APPPATH/Modules/Api/Controllers/ConferenceController.php(61): CodeIgniter\BaseModel->first()
 5 SYSTEMPATH/CodeIgniter.php(933): App\Modules\Api\Controllers\ConferenceController->live()
 6 SYSTEMPATH/CodeIgniter.php(507): CodeIgniter\CodeIgniter->runController(Object(App\Modules\Api\Controllers\ConferenceController))
 7 SYSTEMPATH/CodeIgniter.php(354): CodeIgniter\CodeIgniter->handleRequest(null, Object(Config\Cache), false)
 8 SYSTEMPATH/Boot.php(334): CodeIgniter\CodeIgniter->run()
 9 SYSTEMPATH/Boot.php(67): CodeIgniter\Boot::runCodeIgniter(Object(CodeIgniter\CodeIgniter))
10 FCPATH/index.php(56): CodeIgniter\Boot::bootWeb(Object(Config\Paths))
CRITICAL - 2025-11-09 17:25:02 --> [Caused by] CodeIgniter\Database\Exceptions\DatabaseException: Unknown column 'is_live' in 'where clause'
in SYSTEMPATH/Database/MySQLi/Connection.php on line 332.
 1 SYSTEMPATH/Database/BaseConnection.php(738): CodeIgniter\Database\MySQLi\Connection->execute('SELECT *
FROM `tbl_conferences`
WHERE `is_live` = 1
 LIMIT 1')
 2 SYSTEMPATH/Database/BaseConnection.php(652): CodeIgniter\Database\BaseConnection->simpleQuery('SELECT *
FROM `tbl_conferences`
WHERE `is_live` = 1
 LIMIT 1')
 3 SYSTEMPATH/Database/BaseBuilder.php(1649): CodeIgniter\Database\BaseConnection->query('SELECT *
FROM `tbl_conferences`
WHERE `is_live` = :is_live:
 LIMIT 1', [...], false)
 4 SYSTEMPATH/Model.php(330): CodeIgniter\Database\BaseBuilder->get()
 5 SYSTEMPATH/BaseModel.php(713): CodeIgniter\Model->doFirst()
 6 APPPATH/Modules/Api/Controllers/ConferenceController.php(61): CodeIgniter\BaseModel->first()
 7 SYSTEMPATH/CodeIgniter.php(933): App\Modules\Api\Controllers\ConferenceController->live()
 8 SYSTEMPATH/CodeIgniter.php(507): CodeIgniter\CodeIgniter->runController(Object(App\Modules\Api\Controllers\ConferenceController))
 9 SYSTEMPATH/CodeIgniter.php(354): CodeIgniter\CodeIgniter->handleRequest(null, Object(Config\Cache), false)
10 SYSTEMPATH/Boot.php(334): CodeIgniter\CodeIgniter->run()
11 SYSTEMPATH/Boot.php(67): CodeIgniter\Boot::runCodeIgniter(Object(CodeIgniter\CodeIgniter))
12 FCPATH/index.php(56): CodeIgniter\Boot::bootWeb(Object(Config\Paths))
CRITICAL - 2025-11-09 17:25:02 --> [Caused by] mysqli_sql_exception: Unknown column 'is_live' in 'where clause'
in SYSTEMPATH/Database/MySQLi/Connection.php on line 327.
 1 SYSTEMPATH/Database/MySQLi/Connection.php(327): mysqli->query('SELECT *
FROM `tbl_conferences`
WHERE `is_live` = 1
 LIMIT 1', 0)
 2 SYSTEMPATH/Database/BaseConnection.php(738): CodeIgniter\Database\MySQLi\Connection->execute('SELECT *
FROM `tbl_conferences`
WHERE `is_live` = 1
 LIMIT 1')
 3 SYSTEMPATH/Database/BaseConnection.php(652): CodeIgniter\Database\BaseConnection->simpleQuery('SELECT *
FROM `tbl_conferences`
WHERE `is_live` = 1
 LIMIT 1')
 4 SYSTEMPATH/Database/BaseBuilder.php(1649): CodeIgniter\Database\BaseConnection->query('SELECT *
FROM `tbl_conferences`
WHERE `is_live` = :is_live:
 LIMIT 1', [...], false)
 5 SYSTEMPATH/Model.php(330): CodeIgniter\Database\BaseBuilder->get()
 6 SYSTEMPATH/BaseModel.php(713): CodeIgniter\Model->doFirst()
 7 APPPATH/Modules/Api/Controllers/ConferenceController.php(61): CodeIgniter\BaseModel->first()
 8 SYSTEMPATH/CodeIgniter.php(933): App\Modules\Api\Controllers\ConferenceController->live()
 9 SYSTEMPATH/CodeIgniter.php(507): CodeIgniter\CodeIgniter->runController(Object(App\Modules\Api\Controllers\ConferenceController))
10 SYSTEMPATH/CodeIgniter.php(354): CodeIgniter\CodeIgniter->handleRequest(null, Object(Config\Cache), false)
11 SYSTEMPATH/Boot.php(334): CodeIgniter\CodeIgniter->run()
12 SYSTEMPATH/Boot.php(67): CodeIgniter\Boot::runCodeIgniter(Object(CodeIgniter\CodeIgniter))
13 FCPATH/index.php(56): CodeIgniter\Boot::bootWeb(Object(Config\Paths))
CRITICAL - 2025-11-09 23:49:13 --> ParseError: syntax error, unexpected string content "illumin", expecting "]"
[Method: GET, Route: attendees/start]
in APPPATH/Modules/Web/Views/start.php on line 143.
 1 SYSTEMPATH/View/View.php(227): CodeIgniter\View\View->{closure:CodeIgniter\View\View::render():221}()
 2 SYSTEMPATH/Common.php(1173): CodeIgniter\View\View->render('App\\Modules\\Web\\Views\\start', [], true)
 3 APPPATH/Modules/Web/Controllers/StartController.php(33): view('App\\Modules\\Web\\Views\\start', [...])
 4 SYSTEMPATH/CodeIgniter.php(933): App\Modules\Web\Controllers\StartController->index()
 5 SYSTEMPATH/CodeIgniter.php(507): CodeIgniter\CodeIgniter->runController(Object(App\Modules\Web\Controllers\StartController))
 6 SYSTEMPATH/CodeIgniter.php(354): CodeIgniter\CodeIgniter->handleRequest(null, Object(Config\Cache), false)
 7 SYSTEMPATH/Boot.php(334): CodeIgniter\CodeIgniter->run()
 8 SYSTEMPATH/Boot.php(67): CodeIgniter\Boot::runCodeIgniter(Object(CodeIgniter\CodeIgniter))
 9 FCPATH/index.php(56): CodeIgniter\Boot::bootWeb(Object(Config\Paths))
CRITICAL - 2025-11-09 23:49:15 --> ParseError: syntax error, unexpected string content "illumin", expecting "]"
[Method: GET, Route: attendees/start]
in APPPATH/Modules/Web/Views/start.php on line 143.
 1 SYSTEMPATH/View/View.php(227): CodeIgniter\View\View->{closure:CodeIgniter\View\View::render():221}()
 2 SYSTEMPATH/Common.php(1173): CodeIgniter\View\View->render('App\\Modules\\Web\\Views\\start', [], true)
 3 APPPATH/Modules/Web/Controllers/StartController.php(33): view('App\\Modules\\Web\\Views\\start', [...])
 4 SYSTEMPATH/CodeIgniter.php(933): App\Modules\Web\Controllers\StartController->index()
 5 SYSTEMPATH/CodeIgniter.php(507): CodeIgniter\CodeIgniter->runController(Object(App\Modules\Web\Controllers\StartController))
 6 SYSTEMPATH/CodeIgniter.php(354): CodeIgniter\CodeIgniter->handleRequest(null, Object(Config\Cache), false)
 7 SYSTEMPATH/Boot.php(334): CodeIgniter\CodeIgniter->run()
 8 SYSTEMPATH/Boot.php(67): CodeIgniter\Boot::runCodeIgniter(Object(CodeIgniter\CodeIgniter))
 9 FCPATH/index.php(56): CodeIgniter\Boot::bootWeb(Object(Config\Paths))
CRITICAL - 2025-11-09 23:50:00 --> ParseError: syntax error, unexpected string content "illumin", expecting "]"
[Method: GET, Route: attendees/start]
in APPPATH/Modules/Web/Views/start.php on line 143.
 1 SYSTEMPATH/View/View.php(227): CodeIgniter\View\View->{closure:CodeIgniter\View\View::render():221}()
 2 SYSTEMPATH/Common.php(1173): CodeIgniter\View\View->render('App\\Modules\\Web\\Views\\start', [], true)
 3 APPPATH/Modules/Web/Controllers/StartController.php(33): view('App\\Modules\\Web\\Views\\start', [...])
 4 SYSTEMPATH/CodeIgniter.php(933): App\Modules\Web\Controllers\StartController->index()
 5 SYSTEMPATH/CodeIgniter.php(507): CodeIgniter\CodeIgniter->runController(Object(App\Modules\Web\Controllers\StartController))
 6 SYSTEMPATH/CodeIgniter.php(354): CodeIgniter\CodeIgniter->handleRequest(null, Object(Config\Cache), false)
 7 SYSTEMPATH/Boot.php(334): CodeIgniter\CodeIgniter->run()
 8 SYSTEMPATH/Boot.php(67): CodeIgniter\Boot::runCodeIgniter(Object(CodeIgniter\CodeIgniter))
 9 FCPATH/index.php(56): CodeIgniter\Boot::bootWeb(Object(Config\Paths))
