ERROR - 2025-11-02 00:42:46 --> Error connecting to the database: mysqli_sql_exception: Connection refused in /Users/oluwamayowasteepe/Sites/localhost/epr-event-portal/system/Database/MySQLi/Connection.php:201
Stack trace:
#0 /Users/oluwamayowasteepe/Sites/localhost/epr-event-portal/system/Database/MySQLi/Connection.php(201): mysqli->real_connect('127.0.0.1', 'root', Object(SensitiveParameterValue), 'eventportal', 3306, '', 0)
#1 /Users/oluwamayowasteepe/Sites/localhost/epr-event-portal/system/Database/BaseConnection.php(421): CodeIgniter\Database\MySQLi\Connection->connect(false)
#2 /Users/oluwamayowasteepe/Sites/localhost/epr-event-portal/system/Database/BaseConnection.php(620): CodeIgniter\Database\BaseConnection->initialize()
#3 /Users/oluwamayowasteepe/Sites/localhost/epr-event-portal/system/Database/BaseBuilder.php(1649): CodeIgniter\Database\BaseConnection->query('SELECT *\nFROM `...', Array, false)
#4 /Users/oluwamayowasteepe/Sites/localhost/epr-event-portal/system/Model.php(330): CodeIgniter\Database\BaseBuilder->get()
#5 /Users/oluwamayowasteepe/Sites/localhost/epr-event-portal/system/BaseModel.php(713): CodeIgniter\Model->doFirst()
#6 /Users/oluwamayowasteepe/Sites/localhost/epr-event-portal/app/Modules/Api/Controllers/LoginController.php(49): CodeIgniter\BaseModel->first()
#7 /Users/oluwamayowasteepe/Sites/localhost/epr-event-portal/system/CodeIgniter.php(933): App\Modules\Api\Controllers\LoginController->login()
#8 /Users/oluwamayowasteepe/Sites/localhost/epr-event-portal/system/CodeIgniter.php(507): CodeIgniter\CodeIgniter->runController(Object(App\Modules\Api\Controllers\LoginController))
#9 /Users/oluwamayowasteepe/Sites/localhost/epr-event-portal/system/CodeIgniter.php(354): CodeIgniter\CodeIgniter->handleRequest(NULL, Object(Config\Cache), false)
#10 /Users/oluwamayowasteepe/Sites/localhost/epr-event-portal/system/Boot.php(334): CodeIgniter\CodeIgniter->run()
#11 /Users/oluwamayowasteepe/Sites/localhost/epr-event-portal/system/Boot.php(67): CodeIgniter\Boot::runCodeIgniter(Object(CodeIgniter\CodeIgniter))
#12 /Users/oluwamayowasteepe/Sites/localhost/epr-event-portal/public/index.php(56): CodeIgniter\Boot::bootWeb(Object(Config\Paths))
#13 {main}

Next CodeIgniter\Database\Exceptions\DatabaseException: Connection refused in /Users/oluwamayowasteepe/Sites/localhost/epr-event-portal/system/Database/MySQLi/Connection.php:246
Stack trace:
#0 /Users/oluwamayowasteepe/Sites/localhost/epr-event-portal/system/Database/BaseConnection.php(421): CodeIgniter\Database\MySQLi\Connection->connect(false)
#1 /Users/oluwamayowasteepe/Sites/localhost/epr-event-portal/system/Database/BaseConnection.php(620): CodeIgniter\Database\BaseConnection->initialize()
#2 /Users/oluwamayowasteepe/Sites/localhost/epr-event-portal/system/Database/BaseBuilder.php(1649): CodeIgniter\Database\BaseConnection->query('SELECT *\nFROM `...', Array, false)
#3 /Users/oluwamayowasteepe/Sites/localhost/epr-event-portal/system/Model.php(330): CodeIgniter\Database\BaseBuilder->get()
#4 /Users/oluwamayowasteepe/Sites/localhost/epr-event-portal/system/BaseModel.php(713): CodeIgniter\Model->doFirst()
#5 /Users/oluwamayowasteepe/Sites/localhost/epr-event-portal/app/Modules/Api/Controllers/LoginController.php(49): CodeIgniter\BaseModel->first()
#6 /Users/oluwamayowasteepe/Sites/localhost/epr-event-portal/system/CodeIgniter.php(933): App\Modules\Api\Controllers\LoginController->login()
#7 /Users/oluwamayowasteepe/Sites/localhost/epr-event-portal/system/CodeIgniter.php(507): CodeIgniter\CodeIgniter->runController(Object(App\Modules\Api\Controllers\LoginController))
#8 /Users/oluwamayowasteepe/Sites/localhost/epr-event-portal/system/CodeIgniter.php(354): CodeIgniter\CodeIgniter->handleRequest(NULL, Object(Config\Cache), false)
#9 /Users/oluwamayowasteepe/Sites/localhost/epr-event-portal/system/Boot.php(334): CodeIgniter\CodeIgniter->run()
#10 /Users/oluwamayowasteepe/Sites/localhost/epr-event-portal/system/Boot.php(67): CodeIgniter\Boot::runCodeIgniter(Object(CodeIgniter\CodeIgniter))
#11 /Users/oluwamayowasteepe/Sites/localhost/epr-event-portal/public/index.php(56): CodeIgniter\Boot::bootWeb(Object(Config\Paths))
#12 {main}
CRITICAL - 2025-11-02 00:42:46 --> CodeIgniter\Database\Exceptions\DatabaseException: Unable to connect to the database.
Main connection [MySQLi]: Connection refused
[Method: POST, Route: api/login]
in SYSTEMPATH/Database/BaseConnection.php on line 467.
 1 SYSTEMPATH/Database/BaseConnection.php(620): CodeIgniter\Database\BaseConnection->initialize()
 2 SYSTEMPATH/Database/BaseBuilder.php(1649): CodeIgniter\Database\BaseConnection->query('SELECT *
FROM `tbl_users`
WHERE `email` = :email:
AND `tbl_users`.`deleted_at` IS NULL
 LIMIT 1', [...], false)
 3 SYSTEMPATH/Model.php(330): CodeIgniter\Database\BaseBuilder->get()
 4 SYSTEMPATH/BaseModel.php(713): CodeIgniter\Model->doFirst()
 5 APPPATH/Modules/Api/Controllers/LoginController.php(49): CodeIgniter\BaseModel->first()
 6 SYSTEMPATH/CodeIgniter.php(933): App\Modules\Api\Controllers\LoginController->login()
 7 SYSTEMPATH/CodeIgniter.php(507): CodeIgniter\CodeIgniter->runController(Object(App\Modules\Api\Controllers\LoginController))
 8 SYSTEMPATH/CodeIgniter.php(354): CodeIgniter\CodeIgniter->handleRequest(null, Object(Config\Cache), false)
 9 SYSTEMPATH/Boot.php(334): CodeIgniter\CodeIgniter->run()
10 SYSTEMPATH/Boot.php(67): CodeIgniter\Boot::runCodeIgniter(Object(CodeIgniter\CodeIgniter))
11 FCPATH/index.php(56): CodeIgniter\Boot::bootWeb(Object(Config\Paths))
ERROR - 2025-11-02 00:50:08 --> Error connecting to the database: mysqli_sql_exception: Connection refused in /Users/oluwamayowasteepe/Sites/localhost/epr-event-portal/system/Database/MySQLi/Connection.php:201
Stack trace:
#0 /Users/oluwamayowasteepe/Sites/localhost/epr-event-portal/system/Database/MySQLi/Connection.php(201): mysqli->real_connect('127.0.0.1', 'root', Object(SensitiveParameterValue), 'eventportal', 3306, '', 0)
#1 /Users/oluwamayowasteepe/Sites/localhost/epr-event-portal/system/Database/BaseConnection.php(421): CodeIgniter\Database\MySQLi\Connection->connect(false)
#2 /Users/oluwamayowasteepe/Sites/localhost/epr-event-portal/system/Database/BaseConnection.php(620): CodeIgniter\Database\BaseConnection->initialize()
#3 /Users/oluwamayowasteepe/Sites/localhost/epr-event-portal/system/Database/BaseBuilder.php(1649): CodeIgniter\Database\BaseConnection->query('SELECT *\nFROM `...', Array, false)
#4 /Users/oluwamayowasteepe/Sites/localhost/epr-event-portal/system/Model.php(330): CodeIgniter\Database\BaseBuilder->get()
#5 /Users/oluwamayowasteepe/Sites/localhost/epr-event-portal/system/BaseModel.php(713): CodeIgniter\Model->doFirst()
#6 /Users/oluwamayowasteepe/Sites/localhost/epr-event-portal/app/Modules/Api/Controllers/LoginController.php(49): CodeIgniter\BaseModel->first()
#7 /Users/oluwamayowasteepe/Sites/localhost/epr-event-portal/system/CodeIgniter.php(933): App\Modules\Api\Controllers\LoginController->login()
#8 /Users/oluwamayowasteepe/Sites/localhost/epr-event-portal/system/CodeIgniter.php(507): CodeIgniter\CodeIgniter->runController(Object(App\Modules\Api\Controllers\LoginController))
#9 /Users/oluwamayowasteepe/Sites/localhost/epr-event-portal/system/CodeIgniter.php(354): CodeIgniter\CodeIgniter->handleRequest(NULL, Object(Config\Cache), false)
#10 /Users/oluwamayowasteepe/Sites/localhost/epr-event-portal/system/Boot.php(334): CodeIgniter\CodeIgniter->run()
#11 /Users/oluwamayowasteepe/Sites/localhost/epr-event-portal/system/Boot.php(67): CodeIgniter\Boot::runCodeIgniter(Object(CodeIgniter\CodeIgniter))
#12 /Users/oluwamayowasteepe/Sites/localhost/epr-event-portal/public/index.php(56): CodeIgniter\Boot::bootWeb(Object(Config\Paths))
#13 {main}

Next CodeIgniter\Database\Exceptions\DatabaseException: Connection refused in /Users/oluwamayowasteepe/Sites/localhost/epr-event-portal/system/Database/MySQLi/Connection.php:246
Stack trace:
#0 /Users/oluwamayowasteepe/Sites/localhost/epr-event-portal/system/Database/BaseConnection.php(421): CodeIgniter\Database\MySQLi\Connection->connect(false)
#1 /Users/oluwamayowasteepe/Sites/localhost/epr-event-portal/system/Database/BaseConnection.php(620): CodeIgniter\Database\BaseConnection->initialize()
#2 /Users/oluwamayowasteepe/Sites/localhost/epr-event-portal/system/Database/BaseBuilder.php(1649): CodeIgniter\Database\BaseConnection->query('SELECT *\nFROM `...', Array, false)
#3 /Users/oluwamayowasteepe/Sites/localhost/epr-event-portal/system/Model.php(330): CodeIgniter\Database\BaseBuilder->get()
#4 /Users/oluwamayowasteepe/Sites/localhost/epr-event-portal/system/BaseModel.php(713): CodeIgniter\Model->doFirst()
#5 /Users/oluwamayowasteepe/Sites/localhost/epr-event-portal/app/Modules/Api/Controllers/LoginController.php(49): CodeIgniter\BaseModel->first()
#6 /Users/oluwamayowasteepe/Sites/localhost/epr-event-portal/system/CodeIgniter.php(933): App\Modules\Api\Controllers\LoginController->login()
#7 /Users/oluwamayowasteepe/Sites/localhost/epr-event-portal/system/CodeIgniter.php(507): CodeIgniter\CodeIgniter->runController(Object(App\Modules\Api\Controllers\LoginController))
#8 /Users/oluwamayowasteepe/Sites/localhost/epr-event-portal/system/CodeIgniter.php(354): CodeIgniter\CodeIgniter->handleRequest(NULL, Object(Config\Cache), false)
#9 /Users/oluwamayowasteepe/Sites/localhost/epr-event-portal/system/Boot.php(334): CodeIgniter\CodeIgniter->run()
#10 /Users/oluwamayowasteepe/Sites/localhost/epr-event-portal/system/Boot.php(67): CodeIgniter\Boot::runCodeIgniter(Object(CodeIgniter\CodeIgniter))
#11 /Users/oluwamayowasteepe/Sites/localhost/epr-event-portal/public/index.php(56): CodeIgniter\Boot::bootWeb(Object(Config\Paths))
#12 {main}
CRITICAL - 2025-11-02 00:50:08 --> CodeIgniter\Database\Exceptions\DatabaseException: Unable to connect to the database.
Main connection [MySQLi]: Connection refused
[Method: POST, Route: api/login]
in SYSTEMPATH/Database/BaseConnection.php on line 467.
 1 SYSTEMPATH/Database/BaseConnection.php(620): CodeIgniter\Database\BaseConnection->initialize()
 2 SYSTEMPATH/Database/BaseBuilder.php(1649): CodeIgniter\Database\BaseConnection->query('SELECT *
FROM `tbl_users`
WHERE `email` = :email:
AND `tbl_users`.`deleted_at` IS NULL
 LIMIT 1', [...], false)
 3 SYSTEMPATH/Model.php(330): CodeIgniter\Database\BaseBuilder->get()
 4 SYSTEMPATH/BaseModel.php(713): CodeIgniter\Model->doFirst()
 5 APPPATH/Modules/Api/Controllers/LoginController.php(49): CodeIgniter\BaseModel->first()
 6 SYSTEMPATH/CodeIgniter.php(933): App\Modules\Api\Controllers\LoginController->login()
 7 SYSTEMPATH/CodeIgniter.php(507): CodeIgniter\CodeIgniter->runController(Object(App\Modules\Api\Controllers\LoginController))
 8 SYSTEMPATH/CodeIgniter.php(354): CodeIgniter\CodeIgniter->handleRequest(null, Object(Config\Cache), false)
 9 SYSTEMPATH/Boot.php(334): CodeIgniter\CodeIgniter->run()
10 SYSTEMPATH/Boot.php(67): CodeIgniter\Boot::runCodeIgniter(Object(CodeIgniter\CodeIgniter))
11 FCPATH/index.php(56): CodeIgniter\Boot::bootWeb(Object(Config\Paths))
